[2025-05-24 08:26:38] local.ERROR: SQLSTATE[42S02]: Base table or view not found: 1146 Table 'e_commerce.jobs' doesn't exist (Connection: mysql, SQL: select * from `jobs` where `queue` = default and ((`reserved_at` is null and `available_at` <= 1748075196) or (`reserved_at` <= 1748075106)) order by `id` asc limit 1 FOR UPDATE SKIP LOCKED) {"exception":"[object] (Illuminate\\Database\\QueryException(code: 42S02): SQLSTATE[42S02]: Base table or view not found: 1146 Table 'e_commerce.jobs' doesn't exist (Connection: mysql, SQL: select * from `jobs` where `queue` = default and ((`reserved_at` is null and `available_at` <= 1748075196) or (`reserved_at` <= 1748075106)) order by `id` asc limit 1 FOR UPDATE SKIP LOCKED) at /mnt/c/Users/Acer/E-commerce/vendor/laravel/framework/src/Illuminate/Database/Connection.php:822)
[stacktrace]
#0 /mnt/c/Users/Acer/E-commerce/vendor/laravel/framework/src/Illuminate/Database/Connection.php(776): Illuminate\\Database\\Connection->runQueryCallback()
#1 /mnt/c/Users/Acer/E-commerce/vendor/laravel/framework/src/Illuminate/Database/Connection.php(395): Illuminate\\Database\\Connection->run()
#2 /mnt/c/Users/Acer/E-commerce/vendor/laravel/framework/src/Illuminate/Database/Query/Builder.php(3120): Illuminate\\Database\\Connection->select()
#3 /mnt/c/Users/Acer/E-commerce/vendor/laravel/framework/src/Illuminate/Database/Query/Builder.php(3105): Illuminate\\Database\\Query\\Builder->runSelect()
#4 /mnt/c/Users/Acer/E-commerce/vendor/laravel/framework/src/Illuminate/Database/Query/Builder.php(3695): Illuminate\\Database\\Query\\Builder->Illuminate\\Database\\Query\\{closure}()
#5 /mnt/c/Users/Acer/E-commerce/vendor/laravel/framework/src/Illuminate/Database/Query/Builder.php(3104): Illuminate\\Database\\Query\\Builder->onceWithColumns()
#6 /mnt/c/Users/Acer/E-commerce/vendor/laravel/framework/src/Illuminate/Database/Concerns/BuildsQueries.php(366): Illuminate\\Database\\Query\\Builder->get()
#7 /mnt/c/Users/Acer/E-commerce/vendor/laravel/framework/src/Illuminate/Queue/DatabaseQueue.php(248): Illuminate\\Database\\Query\\Builder->first()
#8 /mnt/c/Users/Acer/E-commerce/vendor/laravel/framework/src/Illuminate/Queue/DatabaseQueue.php(226): Illuminate\\Queue\\DatabaseQueue->getNextAvailableJob()
#9 /mnt/c/Users/Acer/E-commerce/vendor/laravel/framework/src/Illuminate/Database/Concerns/ManagesTransactions.php(32): Illuminate\\Queue\\DatabaseQueue->Illuminate\\Queue\\{closure}()
#10 /mnt/c/Users/Acer/E-commerce/vendor/laravel/framework/src/Illuminate/Queue/DatabaseQueue.php(225): Illuminate\\Database\\Connection->transaction()
#11 /mnt/c/Users/Acer/E-commerce/vendor/laravel/framework/src/Illuminate/Queue/Worker.php(350): Illuminate\\Queue\\DatabaseQueue->pop()
#12 /mnt/c/Users/Acer/E-commerce/vendor/laravel/framework/src/Illuminate/Queue/Worker.php(365): Illuminate\\Queue\\Worker->Illuminate\\Queue\\{closure}()
#13 /mnt/c/Users/Acer/E-commerce/vendor/laravel/framework/src/Illuminate/Queue/Worker.php(326): Illuminate\\Queue\\Worker->getNextJob()
#14 /mnt/c/Users/Acer/E-commerce/vendor/laravel/framework/src/Illuminate/Queue/Console/WorkCommand.php(148): Illuminate\\Queue\\Worker->runNextJob()
#15 /mnt/c/Users/Acer/E-commerce/vendor/laravel/framework/src/Illuminate/Queue/Console/WorkCommand.php(131): Illuminate\\Queue\\Console\\WorkCommand->runWorker()
#16 /mnt/c/Users/Acer/E-commerce/vendor/laravel/framework/src/Illuminate/Container/BoundMethod.php(36): Illuminate\\Queue\\Console\\WorkCommand->handle()
#17 /mnt/c/Users/Acer/E-commerce/vendor/laravel/framework/src/Illuminate/Container/Util.php(43): Illuminate\\Container\\BoundMethod::Illuminate\\Container\\{closure}()
#18 /mnt/c/Users/Acer/E-commerce/vendor/laravel/framework/src/Illuminate/Container/BoundMethod.php(96): Illuminate\\Container\\Util::unwrapIfClosure()
#19 /mnt/c/Users/Acer/E-commerce/vendor/laravel/framework/src/Illuminate/Container/BoundMethod.php(35): Illuminate\\Container\\BoundMethod::callBoundMethod()
#20 /mnt/c/Users/Acer/E-commerce/vendor/laravel/framework/src/Illuminate/Container/Container.php(754): Illuminate\\Container\\BoundMethod::call()
#21 /mnt/c/Users/Acer/E-commerce/vendor/laravel/framework/src/Illuminate/Console/Command.php(211): Illuminate\\Container\\Container->call()
#22 /mnt/c/Users/Acer/E-commerce/vendor/symfony/console/Command/Command.php(279): Illuminate\\Console\\Command->execute()
#23 /mnt/c/Users/Acer/E-commerce/vendor/laravel/framework/src/Illuminate/Console/Command.php(180): Symfony\\Component\\Console\\Command\\Command->run()
#24 /mnt/c/Users/Acer/E-commerce/vendor/symfony/console/Application.php(1094): Illuminate\\Console\\Command->run()
#25 /mnt/c/Users/Acer/E-commerce/vendor/symfony/console/Application.php(342): Symfony\\Component\\Console\\Application->doRunCommand()
#26 /mnt/c/Users/Acer/E-commerce/vendor/symfony/console/Application.php(193): Symfony\\Component\\Console\\Application->doRun()
#27 /mnt/c/Users/Acer/E-commerce/vendor/laravel/framework/src/Illuminate/Foundation/Console/Kernel.php(197): Symfony\\Component\\Console\\Application->run()
#28 /mnt/c/Users/Acer/E-commerce/vendor/laravel/framework/src/Illuminate/Foundation/Application.php(1234): Illuminate\\Foundation\\Console\\Kernel->handle()
#29 /mnt/c/Users/Acer/E-commerce/artisan(16): Illuminate\\Foundation\\Application->handleCommand()
#30 {main}

[previous exception] [object] (PDOException(code: 42S02): SQLSTATE[42S02]: Base table or view not found: 1146 Table 'e_commerce.jobs' doesn't exist at /mnt/c/Users/Acer/E-commerce/vendor/laravel/framework/src/Illuminate/Database/Connection.php:404)
[stacktrace]
#0 /mnt/c/Users/Acer/E-commerce/vendor/laravel/framework/src/Illuminate/Database/Connection.php(404): PDO->prepare()
#1 /mnt/c/Users/Acer/E-commerce/vendor/laravel/framework/src/Illuminate/Database/Connection.php(809): Illuminate\\Database\\Connection->Illuminate\\Database\\{closure}()
#2 /mnt/c/Users/Acer/E-commerce/vendor/laravel/framework/src/Illuminate/Database/Connection.php(776): Illuminate\\Database\\Connection->runQueryCallback()
#3 /mnt/c/Users/Acer/E-commerce/vendor/laravel/framework/src/Illuminate/Database/Connection.php(395): Illuminate\\Database\\Connection->run()
#4 /mnt/c/Users/Acer/E-commerce/vendor/laravel/framework/src/Illuminate/Database/Query/Builder.php(3120): Illuminate\\Database\\Connection->select()
#5 /mnt/c/Users/Acer/E-commerce/vendor/laravel/framework/src/Illuminate/Database/Query/Builder.php(3105): Illuminate\\Database\\Query\\Builder->runSelect()
#6 /mnt/c/Users/Acer/E-commerce/vendor/laravel/framework/src/Illuminate/Database/Query/Builder.php(3695): Illuminate\\Database\\Query\\Builder->Illuminate\\Database\\Query\\{closure}()
#7 /mnt/c/Users/Acer/E-commerce/vendor/laravel/framework/src/Illuminate/Database/Query/Builder.php(3104): Illuminate\\Database\\Query\\Builder->onceWithColumns()
#8 /mnt/c/Users/Acer/E-commerce/vendor/laravel/framework/src/Illuminate/Database/Concerns/BuildsQueries.php(366): Illuminate\\Database\\Query\\Builder->get()
#9 /mnt/c/Users/Acer/E-commerce/vendor/laravel/framework/src/Illuminate/Queue/DatabaseQueue.php(248): Illuminate\\Database\\Query\\Builder->first()
#10 /mnt/c/Users/Acer/E-commerce/vendor/laravel/framework/src/Illuminate/Queue/DatabaseQueue.php(226): Illuminate\\Queue\\DatabaseQueue->getNextAvailableJob()
#11 /mnt/c/Users/Acer/E-commerce/vendor/laravel/framework/src/Illuminate/Database/Concerns/ManagesTransactions.php(32): Illuminate\\Queue\\DatabaseQueue->Illuminate\\Queue\\{closure}()
#12 /mnt/c/Users/Acer/E-commerce/vendor/laravel/framework/src/Illuminate/Queue/DatabaseQueue.php(225): Illuminate\\Database\\Connection->transaction()
#13 /mnt/c/Users/Acer/E-commerce/vendor/laravel/framework/src/Illuminate/Queue/Worker.php(350): Illuminate\\Queue\\DatabaseQueue->pop()
#14 /mnt/c/Users/Acer/E-commerce/vendor/laravel/framework/src/Illuminate/Queue/Worker.php(365): Illuminate\\Queue\\Worker->Illuminate\\Queue\\{closure}()
#15 /mnt/c/Users/Acer/E-commerce/vendor/laravel/framework/src/Illuminate/Queue/Worker.php(326): Illuminate\\Queue\\Worker->getNextJob()
#16 /mnt/c/Users/Acer/E-commerce/vendor/laravel/framework/src/Illuminate/Queue/Console/WorkCommand.php(148): Illuminate\\Queue\\Worker->runNextJob()
#17 /mnt/c/Users/Acer/E-commerce/vendor/laravel/framework/src/Illuminate/Queue/Console/WorkCommand.php(131): Illuminate\\Queue\\Console\\WorkCommand->runWorker()
#18 /mnt/c/Users/Acer/E-commerce/vendor/laravel/framework/src/Illuminate/Container/BoundMethod.php(36): Illuminate\\Queue\\Console\\WorkCommand->handle()
#19 /mnt/c/Users/Acer/E-commerce/vendor/laravel/framework/src/Illuminate/Container/Util.php(43): Illuminate\\Container\\BoundMethod::Illuminate\\Container\\{closure}()
#20 /mnt/c/Users/Acer/E-commerce/vendor/laravel/framework/src/Illuminate/Container/BoundMethod.php(96): Illuminate\\Container\\Util::unwrapIfClosure()
#21 /mnt/c/Users/Acer/E-commerce/vendor/laravel/framework/src/Illuminate/Container/BoundMethod.php(35): Illuminate\\Container\\BoundMethod::callBoundMethod()
#22 /mnt/c/Users/Acer/E-commerce/vendor/laravel/framework/src/Illuminate/Container/Container.php(754): Illuminate\\Container\\BoundMethod::call()
#23 /mnt/c/Users/Acer/E-commerce/vendor/laravel/framework/src/Illuminate/Console/Command.php(211): Illuminate\\Container\\Container->call()
#24 /mnt/c/Users/Acer/E-commerce/vendor/symfony/console/Command/Command.php(279): Illuminate\\Console\\Command->execute()
#25 /mnt/c/Users/Acer/E-commerce/vendor/laravel/framework/src/Illuminate/Console/Command.php(180): Symfony\\Component\\Console\\Command\\Command->run()
#26 /mnt/c/Users/Acer/E-commerce/vendor/symfony/console/Application.php(1094): Illuminate\\Console\\Command->run()
#27 /mnt/c/Users/Acer/E-commerce/vendor/symfony/console/Application.php(342): Symfony\\Component\\Console\\Application->doRunCommand()
#28 /mnt/c/Users/Acer/E-commerce/vendor/symfony/console/Application.php(193): Symfony\\Component\\Console\\Application->doRun()
#29 /mnt/c/Users/Acer/E-commerce/vendor/laravel/framework/src/Illuminate/Foundation/Console/Kernel.php(197): Symfony\\Component\\Console\\Application->run()
#30 /mnt/c/Users/Acer/E-commerce/vendor/laravel/framework/src/Illuminate/Foundation/Application.php(1234): Illuminate\\Foundation\\Console\\Kernel->handle()
#31 /mnt/c/Users/Acer/E-commerce/artisan(16): Illuminate\\Foundation\\Application->handleCommand()
#32 {main}
"} 
[2025-05-24 08:27:02] local.ERROR: SQLSTATE[42S02]: Base table or view not found: 1146 Table 'e_commerce.jobs' doesn't exist (Connection: mysql, SQL: select * from `jobs` where `queue` = default and ((`reserved_at` is null and `available_at` <= 1748075221) or (`reserved_at` <= 1748075131)) order by `id` asc limit 1 FOR UPDATE SKIP LOCKED) {"exception":"[object] (Illuminate\\Database\\QueryException(code: 42S02): SQLSTATE[42S02]: Base table or view not found: 1146 Table 'e_commerce.jobs' doesn't exist (Connection: mysql, SQL: select * from `jobs` where `queue` = default and ((`reserved_at` is null and `available_at` <= 1748075221) or (`reserved_at` <= 1748075131)) order by `id` asc limit 1 FOR UPDATE SKIP LOCKED) at /mnt/c/Users/Acer/E-commerce/vendor/laravel/framework/src/Illuminate/Database/Connection.php:822)
[stacktrace]
#0 /mnt/c/Users/Acer/E-commerce/vendor/laravel/framework/src/Illuminate/Database/Connection.php(776): Illuminate\\Database\\Connection->runQueryCallback()
#1 /mnt/c/Users/Acer/E-commerce/vendor/laravel/framework/src/Illuminate/Database/Connection.php(395): Illuminate\\Database\\Connection->run()
#2 /mnt/c/Users/Acer/E-commerce/vendor/laravel/framework/src/Illuminate/Database/Query/Builder.php(3120): Illuminate\\Database\\Connection->select()
#3 /mnt/c/Users/Acer/E-commerce/vendor/laravel/framework/src/Illuminate/Database/Query/Builder.php(3105): Illuminate\\Database\\Query\\Builder->runSelect()
#4 /mnt/c/Users/Acer/E-commerce/vendor/laravel/framework/src/Illuminate/Database/Query/Builder.php(3695): Illuminate\\Database\\Query\\Builder->Illuminate\\Database\\Query\\{closure}()
#5 /mnt/c/Users/Acer/E-commerce/vendor/laravel/framework/src/Illuminate/Database/Query/Builder.php(3104): Illuminate\\Database\\Query\\Builder->onceWithColumns()
#6 /mnt/c/Users/Acer/E-commerce/vendor/laravel/framework/src/Illuminate/Database/Concerns/BuildsQueries.php(366): Illuminate\\Database\\Query\\Builder->get()
#7 /mnt/c/Users/Acer/E-commerce/vendor/laravel/framework/src/Illuminate/Queue/DatabaseQueue.php(248): Illuminate\\Database\\Query\\Builder->first()
#8 /mnt/c/Users/Acer/E-commerce/vendor/laravel/framework/src/Illuminate/Queue/DatabaseQueue.php(226): Illuminate\\Queue\\DatabaseQueue->getNextAvailableJob()
#9 /mnt/c/Users/Acer/E-commerce/vendor/laravel/framework/src/Illuminate/Database/Concerns/ManagesTransactions.php(32): Illuminate\\Queue\\DatabaseQueue->Illuminate\\Queue\\{closure}()
#10 /mnt/c/Users/Acer/E-commerce/vendor/laravel/framework/src/Illuminate/Queue/DatabaseQueue.php(225): Illuminate\\Database\\Connection->transaction()
#11 /mnt/c/Users/Acer/E-commerce/vendor/laravel/framework/src/Illuminate/Queue/Worker.php(350): Illuminate\\Queue\\DatabaseQueue->pop()
#12 /mnt/c/Users/Acer/E-commerce/vendor/laravel/framework/src/Illuminate/Queue/Worker.php(365): Illuminate\\Queue\\Worker->Illuminate\\Queue\\{closure}()
#13 /mnt/c/Users/Acer/E-commerce/vendor/laravel/framework/src/Illuminate/Queue/Worker.php(326): Illuminate\\Queue\\Worker->getNextJob()
#14 /mnt/c/Users/Acer/E-commerce/vendor/laravel/framework/src/Illuminate/Queue/Console/WorkCommand.php(148): Illuminate\\Queue\\Worker->runNextJob()
#15 /mnt/c/Users/Acer/E-commerce/vendor/laravel/framework/src/Illuminate/Queue/Console/WorkCommand.php(131): Illuminate\\Queue\\Console\\WorkCommand->runWorker()
#16 /mnt/c/Users/Acer/E-commerce/vendor/laravel/framework/src/Illuminate/Container/BoundMethod.php(36): Illuminate\\Queue\\Console\\WorkCommand->handle()
#17 /mnt/c/Users/Acer/E-commerce/vendor/laravel/framework/src/Illuminate/Container/Util.php(43): Illuminate\\Container\\BoundMethod::Illuminate\\Container\\{closure}()
#18 /mnt/c/Users/Acer/E-commerce/vendor/laravel/framework/src/Illuminate/Container/BoundMethod.php(96): Illuminate\\Container\\Util::unwrapIfClosure()
#19 /mnt/c/Users/Acer/E-commerce/vendor/laravel/framework/src/Illuminate/Container/BoundMethod.php(35): Illuminate\\Container\\BoundMethod::callBoundMethod()
#20 /mnt/c/Users/Acer/E-commerce/vendor/laravel/framework/src/Illuminate/Container/Container.php(754): Illuminate\\Container\\BoundMethod::call()
#21 /mnt/c/Users/Acer/E-commerce/vendor/laravel/framework/src/Illuminate/Console/Command.php(211): Illuminate\\Container\\Container->call()
#22 /mnt/c/Users/Acer/E-commerce/vendor/symfony/console/Command/Command.php(279): Illuminate\\Console\\Command->execute()
#23 /mnt/c/Users/Acer/E-commerce/vendor/laravel/framework/src/Illuminate/Console/Command.php(180): Symfony\\Component\\Console\\Command\\Command->run()
#24 /mnt/c/Users/Acer/E-commerce/vendor/symfony/console/Application.php(1094): Illuminate\\Console\\Command->run()
#25 /mnt/c/Users/Acer/E-commerce/vendor/symfony/console/Application.php(342): Symfony\\Component\\Console\\Application->doRunCommand()
#26 /mnt/c/Users/Acer/E-commerce/vendor/symfony/console/Application.php(193): Symfony\\Component\\Console\\Application->doRun()
#27 /mnt/c/Users/Acer/E-commerce/vendor/laravel/framework/src/Illuminate/Foundation/Console/Kernel.php(197): Symfony\\Component\\Console\\Application->run()
#28 /mnt/c/Users/Acer/E-commerce/vendor/laravel/framework/src/Illuminate/Foundation/Application.php(1234): Illuminate\\Foundation\\Console\\Kernel->handle()
#29 /mnt/c/Users/Acer/E-commerce/artisan(16): Illuminate\\Foundation\\Application->handleCommand()
#30 {main}

[previous exception] [object] (PDOException(code: 42S02): SQLSTATE[42S02]: Base table or view not found: 1146 Table 'e_commerce.jobs' doesn't exist at /mnt/c/Users/Acer/E-commerce/vendor/laravel/framework/src/Illuminate/Database/Connection.php:404)
[stacktrace]
#0 /mnt/c/Users/Acer/E-commerce/vendor/laravel/framework/src/Illuminate/Database/Connection.php(404): PDO->prepare()
#1 /mnt/c/Users/Acer/E-commerce/vendor/laravel/framework/src/Illuminate/Database/Connection.php(809): Illuminate\\Database\\Connection->Illuminate\\Database\\{closure}()
#2 /mnt/c/Users/Acer/E-commerce/vendor/laravel/framework/src/Illuminate/Database/Connection.php(776): Illuminate\\Database\\Connection->runQueryCallback()
#3 /mnt/c/Users/Acer/E-commerce/vendor/laravel/framework/src/Illuminate/Database/Connection.php(395): Illuminate\\Database\\Connection->run()
#4 /mnt/c/Users/Acer/E-commerce/vendor/laravel/framework/src/Illuminate/Database/Query/Builder.php(3120): Illuminate\\Database\\Connection->select()
#5 /mnt/c/Users/Acer/E-commerce/vendor/laravel/framework/src/Illuminate/Database/Query/Builder.php(3105): Illuminate\\Database\\Query\\Builder->runSelect()
#6 /mnt/c/Users/Acer/E-commerce/vendor/laravel/framework/src/Illuminate/Database/Query/Builder.php(3695): Illuminate\\Database\\Query\\Builder->Illuminate\\Database\\Query\\{closure}()
#7 /mnt/c/Users/Acer/E-commerce/vendor/laravel/framework/src/Illuminate/Database/Query/Builder.php(3104): Illuminate\\Database\\Query\\Builder->onceWithColumns()
#8 /mnt/c/Users/Acer/E-commerce/vendor/laravel/framework/src/Illuminate/Database/Concerns/BuildsQueries.php(366): Illuminate\\Database\\Query\\Builder->get()
#9 /mnt/c/Users/Acer/E-commerce/vendor/laravel/framework/src/Illuminate/Queue/DatabaseQueue.php(248): Illuminate\\Database\\Query\\Builder->first()
#10 /mnt/c/Users/Acer/E-commerce/vendor/laravel/framework/src/Illuminate/Queue/DatabaseQueue.php(226): Illuminate\\Queue\\DatabaseQueue->getNextAvailableJob()
#11 /mnt/c/Users/Acer/E-commerce/vendor/laravel/framework/src/Illuminate/Database/Concerns/ManagesTransactions.php(32): Illuminate\\Queue\\DatabaseQueue->Illuminate\\Queue\\{closure}()
#12 /mnt/c/Users/Acer/E-commerce/vendor/laravel/framework/src/Illuminate/Queue/DatabaseQueue.php(225): Illuminate\\Database\\Connection->transaction()
#13 /mnt/c/Users/Acer/E-commerce/vendor/laravel/framework/src/Illuminate/Queue/Worker.php(350): Illuminate\\Queue\\DatabaseQueue->pop()
#14 /mnt/c/Users/Acer/E-commerce/vendor/laravel/framework/src/Illuminate/Queue/Worker.php(365): Illuminate\\Queue\\Worker->Illuminate\\Queue\\{closure}()
#15 /mnt/c/Users/Acer/E-commerce/vendor/laravel/framework/src/Illuminate/Queue/Worker.php(326): Illuminate\\Queue\\Worker->getNextJob()
#16 /mnt/c/Users/Acer/E-commerce/vendor/laravel/framework/src/Illuminate/Queue/Console/WorkCommand.php(148): Illuminate\\Queue\\Worker->runNextJob()
#17 /mnt/c/Users/Acer/E-commerce/vendor/laravel/framework/src/Illuminate/Queue/Console/WorkCommand.php(131): Illuminate\\Queue\\Console\\WorkCommand->runWorker()
#18 /mnt/c/Users/Acer/E-commerce/vendor/laravel/framework/src/Illuminate/Container/BoundMethod.php(36): Illuminate\\Queue\\Console\\WorkCommand->handle()
#19 /mnt/c/Users/Acer/E-commerce/vendor/laravel/framework/src/Illuminate/Container/Util.php(43): Illuminate\\Container\\BoundMethod::Illuminate\\Container\\{closure}()
#20 /mnt/c/Users/Acer/E-commerce/vendor/laravel/framework/src/Illuminate/Container/BoundMethod.php(96): Illuminate\\Container\\Util::unwrapIfClosure()
#21 /mnt/c/Users/Acer/E-commerce/vendor/laravel/framework/src/Illuminate/Container/BoundMethod.php(35): Illuminate\\Container\\BoundMethod::callBoundMethod()
#22 /mnt/c/Users/Acer/E-commerce/vendor/laravel/framework/src/Illuminate/Container/Container.php(754): Illuminate\\Container\\BoundMethod::call()
#23 /mnt/c/Users/Acer/E-commerce/vendor/laravel/framework/src/Illuminate/Console/Command.php(211): Illuminate\\Container\\Container->call()
#24 /mnt/c/Users/Acer/E-commerce/vendor/symfony/console/Command/Command.php(279): Illuminate\\Console\\Command->execute()
#25 /mnt/c/Users/Acer/E-commerce/vendor/laravel/framework/src/Illuminate/Console/Command.php(180): Symfony\\Component\\Console\\Command\\Command->run()
#26 /mnt/c/Users/Acer/E-commerce/vendor/symfony/console/Application.php(1094): Illuminate\\Console\\Command->run()
#27 /mnt/c/Users/Acer/E-commerce/vendor/symfony/console/Application.php(342): Symfony\\Component\\Console\\Application->doRunCommand()
#28 /mnt/c/Users/Acer/E-commerce/vendor/symfony/console/Application.php(193): Symfony\\Component\\Console\\Application->doRun()
#29 /mnt/c/Users/Acer/E-commerce/vendor/laravel/framework/src/Illuminate/Foundation/Console/Kernel.php(197): Symfony\\Component\\Console\\Application->run()
#30 /mnt/c/Users/Acer/E-commerce/vendor/laravel/framework/src/Illuminate/Foundation/Application.php(1234): Illuminate\\Foundation\\Console\\Kernel->handle()
#31 /mnt/c/Users/Acer/E-commerce/artisan(16): Illuminate\\Foundation\\Application->handleCommand()
#32 {main}
"} 
[2025-05-24 08:27:28] local.ERROR: SQLSTATE[42S02]: Base table or view not found: 1146 Table 'e_commerce.jobs' doesn't exist (Connection: mysql, SQL: select * from `jobs` where `queue` = default and ((`reserved_at` is null and `available_at` <= 1748075246) or (`reserved_at` <= 1748075156)) order by `id` asc limit 1 FOR UPDATE SKIP LOCKED) {"exception":"[object] (Illuminate\\Database\\QueryException(code: 42S02): SQLSTATE[42S02]: Base table or view not found: 1146 Table 'e_commerce.jobs' doesn't exist (Connection: mysql, SQL: select * from `jobs` where `queue` = default and ((`reserved_at` is null and `available_at` <= 1748075246) or (`reserved_at` <= 1748075156)) order by `id` asc limit 1 FOR UPDATE SKIP LOCKED) at /mnt/c/Users/Acer/E-commerce/vendor/laravel/framework/src/Illuminate/Database/Connection.php:822)
[stacktrace]
#0 /mnt/c/Users/Acer/E-commerce/vendor/laravel/framework/src/Illuminate/Database/Connection.php(776): Illuminate\\Database\\Connection->runQueryCallback()
#1 /mnt/c/Users/Acer/E-commerce/vendor/laravel/framework/src/Illuminate/Database/Connection.php(395): Illuminate\\Database\\Connection->run()
#2 /mnt/c/Users/Acer/E-commerce/vendor/laravel/framework/src/Illuminate/Database/Query/Builder.php(3120): Illuminate\\Database\\Connection->select()
#3 /mnt/c/Users/Acer/E-commerce/vendor/laravel/framework/src/Illuminate/Database/Query/Builder.php(3105): Illuminate\\Database\\Query\\Builder->runSelect()
#4 /mnt/c/Users/Acer/E-commerce/vendor/laravel/framework/src/Illuminate/Database/Query/Builder.php(3695): Illuminate\\Database\\Query\\Builder->Illuminate\\Database\\Query\\{closure}()
#5 /mnt/c/Users/Acer/E-commerce/vendor/laravel/framework/src/Illuminate/Database/Query/Builder.php(3104): Illuminate\\Database\\Query\\Builder->onceWithColumns()
#6 /mnt/c/Users/Acer/E-commerce/vendor/laravel/framework/src/Illuminate/Database/Concerns/BuildsQueries.php(366): Illuminate\\Database\\Query\\Builder->get()
#7 /mnt/c/Users/Acer/E-commerce/vendor/laravel/framework/src/Illuminate/Queue/DatabaseQueue.php(248): Illuminate\\Database\\Query\\Builder->first()
#8 /mnt/c/Users/Acer/E-commerce/vendor/laravel/framework/src/Illuminate/Queue/DatabaseQueue.php(226): Illuminate\\Queue\\DatabaseQueue->getNextAvailableJob()
#9 /mnt/c/Users/Acer/E-commerce/vendor/laravel/framework/src/Illuminate/Database/Concerns/ManagesTransactions.php(32): Illuminate\\Queue\\DatabaseQueue->Illuminate\\Queue\\{closure}()
#10 /mnt/c/Users/Acer/E-commerce/vendor/laravel/framework/src/Illuminate/Queue/DatabaseQueue.php(225): Illuminate\\Database\\Connection->transaction()
#11 /mnt/c/Users/Acer/E-commerce/vendor/laravel/framework/src/Illuminate/Queue/Worker.php(350): Illuminate\\Queue\\DatabaseQueue->pop()
#12 /mnt/c/Users/Acer/E-commerce/vendor/laravel/framework/src/Illuminate/Queue/Worker.php(365): Illuminate\\Queue\\Worker->Illuminate\\Queue\\{closure}()
#13 /mnt/c/Users/Acer/E-commerce/vendor/laravel/framework/src/Illuminate/Queue/Worker.php(326): Illuminate\\Queue\\Worker->getNextJob()
#14 /mnt/c/Users/Acer/E-commerce/vendor/laravel/framework/src/Illuminate/Queue/Console/WorkCommand.php(148): Illuminate\\Queue\\Worker->runNextJob()
#15 /mnt/c/Users/Acer/E-commerce/vendor/laravel/framework/src/Illuminate/Queue/Console/WorkCommand.php(131): Illuminate\\Queue\\Console\\WorkCommand->runWorker()
#16 /mnt/c/Users/Acer/E-commerce/vendor/laravel/framework/src/Illuminate/Container/BoundMethod.php(36): Illuminate\\Queue\\Console\\WorkCommand->handle()
#17 /mnt/c/Users/Acer/E-commerce/vendor/laravel/framework/src/Illuminate/Container/Util.php(43): Illuminate\\Container\\BoundMethod::Illuminate\\Container\\{closure}()
#18 /mnt/c/Users/Acer/E-commerce/vendor/laravel/framework/src/Illuminate/Container/BoundMethod.php(96): Illuminate\\Container\\Util::unwrapIfClosure()
#19 /mnt/c/Users/Acer/E-commerce/vendor/laravel/framework/src/Illuminate/Container/BoundMethod.php(35): Illuminate\\Container\\BoundMethod::callBoundMethod()
#20 /mnt/c/Users/Acer/E-commerce/vendor/laravel/framework/src/Illuminate/Container/Container.php(754): Illuminate\\Container\\BoundMethod::call()
#21 /mnt/c/Users/Acer/E-commerce/vendor/laravel/framework/src/Illuminate/Console/Command.php(211): Illuminate\\Container\\Container->call()
#22 /mnt/c/Users/Acer/E-commerce/vendor/symfony/console/Command/Command.php(279): Illuminate\\Console\\Command->execute()
#23 /mnt/c/Users/Acer/E-commerce/vendor/laravel/framework/src/Illuminate/Console/Command.php(180): Symfony\\Component\\Console\\Command\\Command->run()
#24 /mnt/c/Users/Acer/E-commerce/vendor/symfony/console/Application.php(1094): Illuminate\\Console\\Command->run()
#25 /mnt/c/Users/Acer/E-commerce/vendor/symfony/console/Application.php(342): Symfony\\Component\\Console\\Application->doRunCommand()
#26 /mnt/c/Users/Acer/E-commerce/vendor/symfony/console/Application.php(193): Symfony\\Component\\Console\\Application->doRun()
#27 /mnt/c/Users/Acer/E-commerce/vendor/laravel/framework/src/Illuminate/Foundation/Console/Kernel.php(197): Symfony\\Component\\Console\\Application->run()
#28 /mnt/c/Users/Acer/E-commerce/vendor/laravel/framework/src/Illuminate/Foundation/Application.php(1234): Illuminate\\Foundation\\Console\\Kernel->handle()
#29 /mnt/c/Users/Acer/E-commerce/artisan(16): Illuminate\\Foundation\\Application->handleCommand()
#30 {main}

[previous exception] [object] (PDOException(code: 42S02): SQLSTATE[42S02]: Base table or view not found: 1146 Table 'e_commerce.jobs' doesn't exist at /mnt/c/Users/Acer/E-commerce/vendor/laravel/framework/src/Illuminate/Database/Connection.php:404)
[stacktrace]
#0 /mnt/c/Users/Acer/E-commerce/vendor/laravel/framework/src/Illuminate/Database/Connection.php(404): PDO->prepare()
#1 /mnt/c/Users/Acer/E-commerce/vendor/laravel/framework/src/Illuminate/Database/Connection.php(809): Illuminate\\Database\\Connection->Illuminate\\Database\\{closure}()
#2 /mnt/c/Users/Acer/E-commerce/vendor/laravel/framework/src/Illuminate/Database/Connection.php(776): Illuminate\\Database\\Connection->runQueryCallback()
#3 /mnt/c/Users/Acer/E-commerce/vendor/laravel/framework/src/Illuminate/Database/Connection.php(395): Illuminate\\Database\\Connection->run()
#4 /mnt/c/Users/Acer/E-commerce/vendor/laravel/framework/src/Illuminate/Database/Query/Builder.php(3120): Illuminate\\Database\\Connection->select()
#5 /mnt/c/Users/Acer/E-commerce/vendor/laravel/framework/src/Illuminate/Database/Query/Builder.php(3105): Illuminate\\Database\\Query\\Builder->runSelect()
#6 /mnt/c/Users/Acer/E-commerce/vendor/laravel/framework/src/Illuminate/Database/Query/Builder.php(3695): Illuminate\\Database\\Query\\Builder->Illuminate\\Database\\Query\\{closure}()
#7 /mnt/c/Users/Acer/E-commerce/vendor/laravel/framework/src/Illuminate/Database/Query/Builder.php(3104): Illuminate\\Database\\Query\\Builder->onceWithColumns()
#8 /mnt/c/Users/Acer/E-commerce/vendor/laravel/framework/src/Illuminate/Database/Concerns/BuildsQueries.php(366): Illuminate\\Database\\Query\\Builder->get()
#9 /mnt/c/Users/Acer/E-commerce/vendor/laravel/framework/src/Illuminate/Queue/DatabaseQueue.php(248): Illuminate\\Database\\Query\\Builder->first()
#10 /mnt/c/Users/Acer/E-commerce/vendor/laravel/framework/src/Illuminate/Queue/DatabaseQueue.php(226): Illuminate\\Queue\\DatabaseQueue->getNextAvailableJob()
#11 /mnt/c/Users/Acer/E-commerce/vendor/laravel/framework/src/Illuminate/Database/Concerns/ManagesTransactions.php(32): Illuminate\\Queue\\DatabaseQueue->Illuminate\\Queue\\{closure}()
#12 /mnt/c/Users/Acer/E-commerce/vendor/laravel/framework/src/Illuminate/Queue/DatabaseQueue.php(225): Illuminate\\Database\\Connection->transaction()
#13 /mnt/c/Users/Acer/E-commerce/vendor/laravel/framework/src/Illuminate/Queue/Worker.php(350): Illuminate\\Queue\\DatabaseQueue->pop()
#14 /mnt/c/Users/Acer/E-commerce/vendor/laravel/framework/src/Illuminate/Queue/Worker.php(365): Illuminate\\Queue\\Worker->Illuminate\\Queue\\{closure}()
#15 /mnt/c/Users/Acer/E-commerce/vendor/laravel/framework/src/Illuminate/Queue/Worker.php(326): Illuminate\\Queue\\Worker->getNextJob()
#16 /mnt/c/Users/Acer/E-commerce/vendor/laravel/framework/src/Illuminate/Queue/Console/WorkCommand.php(148): Illuminate\\Queue\\Worker->runNextJob()
#17 /mnt/c/Users/Acer/E-commerce/vendor/laravel/framework/src/Illuminate/Queue/Console/WorkCommand.php(131): Illuminate\\Queue\\Console\\WorkCommand->runWorker()
#18 /mnt/c/Users/Acer/E-commerce/vendor/laravel/framework/src/Illuminate/Container/BoundMethod.php(36): Illuminate\\Queue\\Console\\WorkCommand->handle()
#19 /mnt/c/Users/Acer/E-commerce/vendor/laravel/framework/src/Illuminate/Container/Util.php(43): Illuminate\\Container\\BoundMethod::Illuminate\\Container\\{closure}()
#20 /mnt/c/Users/Acer/E-commerce/vendor/laravel/framework/src/Illuminate/Container/BoundMethod.php(96): Illuminate\\Container\\Util::unwrapIfClosure()
#21 /mnt/c/Users/Acer/E-commerce/vendor/laravel/framework/src/Illuminate/Container/BoundMethod.php(35): Illuminate\\Container\\BoundMethod::callBoundMethod()
#22 /mnt/c/Users/Acer/E-commerce/vendor/laravel/framework/src/Illuminate/Container/Container.php(754): Illuminate\\Container\\BoundMethod::call()
#23 /mnt/c/Users/Acer/E-commerce/vendor/laravel/framework/src/Illuminate/Console/Command.php(211): Illuminate\\Container\\Container->call()
#24 /mnt/c/Users/Acer/E-commerce/vendor/symfony/console/Command/Command.php(279): Illuminate\\Console\\Command->execute()
#25 /mnt/c/Users/Acer/E-commerce/vendor/laravel/framework/src/Illuminate/Console/Command.php(180): Symfony\\Component\\Console\\Command\\Command->run()
#26 /mnt/c/Users/Acer/E-commerce/vendor/symfony/console/Application.php(1094): Illuminate\\Console\\Command->run()
#27 /mnt/c/Users/Acer/E-commerce/vendor/symfony/console/Application.php(342): Symfony\\Component\\Console\\Application->doRunCommand()
#28 /mnt/c/Users/Acer/E-commerce/vendor/symfony/console/Application.php(193): Symfony\\Component\\Console\\Application->doRun()
#29 /mnt/c/Users/Acer/E-commerce/vendor/laravel/framework/src/Illuminate/Foundation/Console/Kernel.php(197): Symfony\\Component\\Console\\Application->run()
#30 /mnt/c/Users/Acer/E-commerce/vendor/laravel/framework/src/Illuminate/Foundation/Application.php(1234): Illuminate\\Foundation\\Console\\Kernel->handle()
#31 /mnt/c/Users/Acer/E-commerce/artisan(16): Illuminate\\Foundation\\Application->handleCommand()
#32 {main}
"} 
[2025-05-24 08:27:49] local.ERROR: SQLSTATE[42S02]: Base table or view not found: 1146 Table 'e_commerce.jobs' doesn't exist (Connection: mysql, SQL: select * from `jobs` where `queue` = default and ((`reserved_at` is null and `available_at` <= 1748075268) or (`reserved_at` <= 1748075178)) order by `id` asc limit 1 FOR UPDATE SKIP LOCKED) {"exception":"[object] (Illuminate\\Database\\QueryException(code: 42S02): SQLSTATE[42S02]: Base table or view not found: 1146 Table 'e_commerce.jobs' doesn't exist (Connection: mysql, SQL: select * from `jobs` where `queue` = default and ((`reserved_at` is null and `available_at` <= 1748075268) or (`reserved_at` <= 1748075178)) order by `id` asc limit 1 FOR UPDATE SKIP LOCKED) at /mnt/c/Users/Acer/E-commerce/vendor/laravel/framework/src/Illuminate/Database/Connection.php:822)
[stacktrace]
#0 /mnt/c/Users/Acer/E-commerce/vendor/laravel/framework/src/Illuminate/Database/Connection.php(776): Illuminate\\Database\\Connection->runQueryCallback()
#1 /mnt/c/Users/Acer/E-commerce/vendor/laravel/framework/src/Illuminate/Database/Connection.php(395): Illuminate\\Database\\Connection->run()
#2 /mnt/c/Users/Acer/E-commerce/vendor/laravel/framework/src/Illuminate/Database/Query/Builder.php(3120): Illuminate\\Database\\Connection->select()
#3 /mnt/c/Users/Acer/E-commerce/vendor/laravel/framework/src/Illuminate/Database/Query/Builder.php(3105): Illuminate\\Database\\Query\\Builder->runSelect()
#4 /mnt/c/Users/Acer/E-commerce/vendor/laravel/framework/src/Illuminate/Database/Query/Builder.php(3695): Illuminate\\Database\\Query\\Builder->Illuminate\\Database\\Query\\{closure}()
#5 /mnt/c/Users/Acer/E-commerce/vendor/laravel/framework/src/Illuminate/Database/Query/Builder.php(3104): Illuminate\\Database\\Query\\Builder->onceWithColumns()
#6 /mnt/c/Users/Acer/E-commerce/vendor/laravel/framework/src/Illuminate/Database/Concerns/BuildsQueries.php(366): Illuminate\\Database\\Query\\Builder->get()
#7 /mnt/c/Users/Acer/E-commerce/vendor/laravel/framework/src/Illuminate/Queue/DatabaseQueue.php(248): Illuminate\\Database\\Query\\Builder->first()
#8 /mnt/c/Users/Acer/E-commerce/vendor/laravel/framework/src/Illuminate/Queue/DatabaseQueue.php(226): Illuminate\\Queue\\DatabaseQueue->getNextAvailableJob()
#9 /mnt/c/Users/Acer/E-commerce/vendor/laravel/framework/src/Illuminate/Database/Concerns/ManagesTransactions.php(32): Illuminate\\Queue\\DatabaseQueue->Illuminate\\Queue\\{closure}()
#10 /mnt/c/Users/Acer/E-commerce/vendor/laravel/framework/src/Illuminate/Queue/DatabaseQueue.php(225): Illuminate\\Database\\Connection->transaction()
#11 /mnt/c/Users/Acer/E-commerce/vendor/laravel/framework/src/Illuminate/Queue/Worker.php(350): Illuminate\\Queue\\DatabaseQueue->pop()
#12 /mnt/c/Users/Acer/E-commerce/vendor/laravel/framework/src/Illuminate/Queue/Worker.php(365): Illuminate\\Queue\\Worker->Illuminate\\Queue\\{closure}()
#13 /mnt/c/Users/Acer/E-commerce/vendor/laravel/framework/src/Illuminate/Queue/Worker.php(326): Illuminate\\Queue\\Worker->getNextJob()
#14 /mnt/c/Users/Acer/E-commerce/vendor/laravel/framework/src/Illuminate/Queue/Console/WorkCommand.php(148): Illuminate\\Queue\\Worker->runNextJob()
#15 /mnt/c/Users/Acer/E-commerce/vendor/laravel/framework/src/Illuminate/Queue/Console/WorkCommand.php(131): Illuminate\\Queue\\Console\\WorkCommand->runWorker()
#16 /mnt/c/Users/Acer/E-commerce/vendor/laravel/framework/src/Illuminate/Container/BoundMethod.php(36): Illuminate\\Queue\\Console\\WorkCommand->handle()
#17 /mnt/c/Users/Acer/E-commerce/vendor/laravel/framework/src/Illuminate/Container/Util.php(43): Illuminate\\Container\\BoundMethod::Illuminate\\Container\\{closure}()
#18 /mnt/c/Users/Acer/E-commerce/vendor/laravel/framework/src/Illuminate/Container/BoundMethod.php(96): Illuminate\\Container\\Util::unwrapIfClosure()
#19 /mnt/c/Users/Acer/E-commerce/vendor/laravel/framework/src/Illuminate/Container/BoundMethod.php(35): Illuminate\\Container\\BoundMethod::callBoundMethod()
#20 /mnt/c/Users/Acer/E-commerce/vendor/laravel/framework/src/Illuminate/Container/Container.php(754): Illuminate\\Container\\BoundMethod::call()
#21 /mnt/c/Users/Acer/E-commerce/vendor/laravel/framework/src/Illuminate/Console/Command.php(211): Illuminate\\Container\\Container->call()
#22 /mnt/c/Users/Acer/E-commerce/vendor/symfony/console/Command/Command.php(279): Illuminate\\Console\\Command->execute()
#23 /mnt/c/Users/Acer/E-commerce/vendor/laravel/framework/src/Illuminate/Console/Command.php(180): Symfony\\Component\\Console\\Command\\Command->run()
#24 /mnt/c/Users/Acer/E-commerce/vendor/symfony/console/Application.php(1094): Illuminate\\Console\\Command->run()
#25 /mnt/c/Users/Acer/E-commerce/vendor/symfony/console/Application.php(342): Symfony\\Component\\Console\\Application->doRunCommand()
#26 /mnt/c/Users/Acer/E-commerce/vendor/symfony/console/Application.php(193): Symfony\\Component\\Console\\Application->doRun()
#27 /mnt/c/Users/Acer/E-commerce/vendor/laravel/framework/src/Illuminate/Foundation/Console/Kernel.php(197): Symfony\\Component\\Console\\Application->run()
#28 /mnt/c/Users/Acer/E-commerce/vendor/laravel/framework/src/Illuminate/Foundation/Application.php(1234): Illuminate\\Foundation\\Console\\Kernel->handle()
#29 /mnt/c/Users/Acer/E-commerce/artisan(16): Illuminate\\Foundation\\Application->handleCommand()
#30 {main}

[previous exception] [object] (PDOException(code: 42S02): SQLSTATE[42S02]: Base table or view not found: 1146 Table 'e_commerce.jobs' doesn't exist at /mnt/c/Users/Acer/E-commerce/vendor/laravel/framework/src/Illuminate/Database/Connection.php:404)
[stacktrace]
#0 /mnt/c/Users/Acer/E-commerce/vendor/laravel/framework/src/Illuminate/Database/Connection.php(404): PDO->prepare()
#1 /mnt/c/Users/Acer/E-commerce/vendor/laravel/framework/src/Illuminate/Database/Connection.php(809): Illuminate\\Database\\Connection->Illuminate\\Database\\{closure}()
#2 /mnt/c/Users/Acer/E-commerce/vendor/laravel/framework/src/Illuminate/Database/Connection.php(776): Illuminate\\Database\\Connection->runQueryCallback()
#3 /mnt/c/Users/Acer/E-commerce/vendor/laravel/framework/src/Illuminate/Database/Connection.php(395): Illuminate\\Database\\Connection->run()
#4 /mnt/c/Users/Acer/E-commerce/vendor/laravel/framework/src/Illuminate/Database/Query/Builder.php(3120): Illuminate\\Database\\Connection->select()
#5 /mnt/c/Users/Acer/E-commerce/vendor/laravel/framework/src/Illuminate/Database/Query/Builder.php(3105): Illuminate\\Database\\Query\\Builder->runSelect()
#6 /mnt/c/Users/Acer/E-commerce/vendor/laravel/framework/src/Illuminate/Database/Query/Builder.php(3695): Illuminate\\Database\\Query\\Builder->Illuminate\\Database\\Query\\{closure}()
#7 /mnt/c/Users/Acer/E-commerce/vendor/laravel/framework/src/Illuminate/Database/Query/Builder.php(3104): Illuminate\\Database\\Query\\Builder->onceWithColumns()
#8 /mnt/c/Users/Acer/E-commerce/vendor/laravel/framework/src/Illuminate/Database/Concerns/BuildsQueries.php(366): Illuminate\\Database\\Query\\Builder->get()
#9 /mnt/c/Users/Acer/E-commerce/vendor/laravel/framework/src/Illuminate/Queue/DatabaseQueue.php(248): Illuminate\\Database\\Query\\Builder->first()
#10 /mnt/c/Users/Acer/E-commerce/vendor/laravel/framework/src/Illuminate/Queue/DatabaseQueue.php(226): Illuminate\\Queue\\DatabaseQueue->getNextAvailableJob()
#11 /mnt/c/Users/Acer/E-commerce/vendor/laravel/framework/src/Illuminate/Database/Concerns/ManagesTransactions.php(32): Illuminate\\Queue\\DatabaseQueue->Illuminate\\Queue\\{closure}()
#12 /mnt/c/Users/Acer/E-commerce/vendor/laravel/framework/src/Illuminate/Queue/DatabaseQueue.php(225): Illuminate\\Database\\Connection->transaction()
#13 /mnt/c/Users/Acer/E-commerce/vendor/laravel/framework/src/Illuminate/Queue/Worker.php(350): Illuminate\\Queue\\DatabaseQueue->pop()
#14 /mnt/c/Users/Acer/E-commerce/vendor/laravel/framework/src/Illuminate/Queue/Worker.php(365): Illuminate\\Queue\\Worker->Illuminate\\Queue\\{closure}()
#15 /mnt/c/Users/Acer/E-commerce/vendor/laravel/framework/src/Illuminate/Queue/Worker.php(326): Illuminate\\Queue\\Worker->getNextJob()
#16 /mnt/c/Users/Acer/E-commerce/vendor/laravel/framework/src/Illuminate/Queue/Console/WorkCommand.php(148): Illuminate\\Queue\\Worker->runNextJob()
#17 /mnt/c/Users/Acer/E-commerce/vendor/laravel/framework/src/Illuminate/Queue/Console/WorkCommand.php(131): Illuminate\\Queue\\Console\\WorkCommand->runWorker()
#18 /mnt/c/Users/Acer/E-commerce/vendor/laravel/framework/src/Illuminate/Container/BoundMethod.php(36): Illuminate\\Queue\\Console\\WorkCommand->handle()
#19 /mnt/c/Users/Acer/E-commerce/vendor/laravel/framework/src/Illuminate/Container/Util.php(43): Illuminate\\Container\\BoundMethod::Illuminate\\Container\\{closure}()
#20 /mnt/c/Users/Acer/E-commerce/vendor/laravel/framework/src/Illuminate/Container/BoundMethod.php(96): Illuminate\\Container\\Util::unwrapIfClosure()
#21 /mnt/c/Users/Acer/E-commerce/vendor/laravel/framework/src/Illuminate/Container/BoundMethod.php(35): Illuminate\\Container\\BoundMethod::callBoundMethod()
#22 /mnt/c/Users/Acer/E-commerce/vendor/laravel/framework/src/Illuminate/Container/Container.php(754): Illuminate\\Container\\BoundMethod::call()
#23 /mnt/c/Users/Acer/E-commerce/vendor/laravel/framework/src/Illuminate/Console/Command.php(211): Illuminate\\Container\\Container->call()
#24 /mnt/c/Users/Acer/E-commerce/vendor/symfony/console/Command/Command.php(279): Illuminate\\Console\\Command->execute()
#25 /mnt/c/Users/Acer/E-commerce/vendor/laravel/framework/src/Illuminate/Console/Command.php(180): Symfony\\Component\\Console\\Command\\Command->run()
#26 /mnt/c/Users/Acer/E-commerce/vendor/symfony/console/Application.php(1094): Illuminate\\Console\\Command->run()
#27 /mnt/c/Users/Acer/E-commerce/vendor/symfony/console/Application.php(342): Symfony\\Component\\Console\\Application->doRunCommand()
#28 /mnt/c/Users/Acer/E-commerce/vendor/symfony/console/Application.php(193): Symfony\\Component\\Console\\Application->doRun()
#29 /mnt/c/Users/Acer/E-commerce/vendor/laravel/framework/src/Illuminate/Foundation/Console/Kernel.php(197): Symfony\\Component\\Console\\Application->run()
#30 /mnt/c/Users/Acer/E-commerce/vendor/laravel/framework/src/Illuminate/Foundation/Application.php(1234): Illuminate\\Foundation\\Console\\Kernel->handle()
#31 /mnt/c/Users/Acer/E-commerce/artisan(16): Illuminate\\Foundation\\Application->handleCommand()
#32 {main}
"} 
[2025-05-24 08:28:10] local.ERROR: SQLSTATE[42S02]: Base table or view not found: 1146 Table 'e_commerce.jobs' doesn't exist (Connection: mysql, SQL: select * from `jobs` where `queue` = default and ((`reserved_at` is null and `available_at` <= 1748075289) or (`reserved_at` <= 1748075199)) order by `id` asc limit 1 FOR UPDATE SKIP LOCKED) {"exception":"[object] (Illuminate\\Database\\QueryException(code: 42S02): SQLSTATE[42S02]: Base table or view not found: 1146 Table 'e_commerce.jobs' doesn't exist (Connection: mysql, SQL: select * from `jobs` where `queue` = default and ((`reserved_at` is null and `available_at` <= 1748075289) or (`reserved_at` <= 1748075199)) order by `id` asc limit 1 FOR UPDATE SKIP LOCKED) at /mnt/c/Users/Acer/E-commerce/vendor/laravel/framework/src/Illuminate/Database/Connection.php:822)
[stacktrace]
#0 /mnt/c/Users/Acer/E-commerce/vendor/laravel/framework/src/Illuminate/Database/Connection.php(776): Illuminate\\Database\\Connection->runQueryCallback()
#1 /mnt/c/Users/Acer/E-commerce/vendor/laravel/framework/src/Illuminate/Database/Connection.php(395): Illuminate\\Database\\Connection->run()
#2 /mnt/c/Users/Acer/E-commerce/vendor/laravel/framework/src/Illuminate/Database/Query/Builder.php(3120): Illuminate\\Database\\Connection->select()
#3 /mnt/c/Users/Acer/E-commerce/vendor/laravel/framework/src/Illuminate/Database/Query/Builder.php(3105): Illuminate\\Database\\Query\\Builder->runSelect()
#4 /mnt/c/Users/Acer/E-commerce/vendor/laravel/framework/src/Illuminate/Database/Query/Builder.php(3695): Illuminate\\Database\\Query\\Builder->Illuminate\\Database\\Query\\{closure}()
#5 /mnt/c/Users/Acer/E-commerce/vendor/laravel/framework/src/Illuminate/Database/Query/Builder.php(3104): Illuminate\\Database\\Query\\Builder->onceWithColumns()
#6 /mnt/c/Users/Acer/E-commerce/vendor/laravel/framework/src/Illuminate/Database/Concerns/BuildsQueries.php(366): Illuminate\\Database\\Query\\Builder->get()
#7 /mnt/c/Users/Acer/E-commerce/vendor/laravel/framework/src/Illuminate/Queue/DatabaseQueue.php(248): Illuminate\\Database\\Query\\Builder->first()
#8 /mnt/c/Users/Acer/E-commerce/vendor/laravel/framework/src/Illuminate/Queue/DatabaseQueue.php(226): Illuminate\\Queue\\DatabaseQueue->getNextAvailableJob()
#9 /mnt/c/Users/Acer/E-commerce/vendor/laravel/framework/src/Illuminate/Database/Concerns/ManagesTransactions.php(32): Illuminate\\Queue\\DatabaseQueue->Illuminate\\Queue\\{closure}()
#10 /mnt/c/Users/Acer/E-commerce/vendor/laravel/framework/src/Illuminate/Queue/DatabaseQueue.php(225): Illuminate\\Database\\Connection->transaction()
#11 /mnt/c/Users/Acer/E-commerce/vendor/laravel/framework/src/Illuminate/Queue/Worker.php(350): Illuminate\\Queue\\DatabaseQueue->pop()
#12 /mnt/c/Users/Acer/E-commerce/vendor/laravel/framework/src/Illuminate/Queue/Worker.php(365): Illuminate\\Queue\\Worker->Illuminate\\Queue\\{closure}()
#13 /mnt/c/Users/Acer/E-commerce/vendor/laravel/framework/src/Illuminate/Queue/Worker.php(326): Illuminate\\Queue\\Worker->getNextJob()
#14 /mnt/c/Users/Acer/E-commerce/vendor/laravel/framework/src/Illuminate/Queue/Console/WorkCommand.php(148): Illuminate\\Queue\\Worker->runNextJob()
#15 /mnt/c/Users/Acer/E-commerce/vendor/laravel/framework/src/Illuminate/Queue/Console/WorkCommand.php(131): Illuminate\\Queue\\Console\\WorkCommand->runWorker()
#16 /mnt/c/Users/Acer/E-commerce/vendor/laravel/framework/src/Illuminate/Container/BoundMethod.php(36): Illuminate\\Queue\\Console\\WorkCommand->handle()
#17 /mnt/c/Users/Acer/E-commerce/vendor/laravel/framework/src/Illuminate/Container/Util.php(43): Illuminate\\Container\\BoundMethod::Illuminate\\Container\\{closure}()
#18 /mnt/c/Users/Acer/E-commerce/vendor/laravel/framework/src/Illuminate/Container/BoundMethod.php(96): Illuminate\\Container\\Util::unwrapIfClosure()
#19 /mnt/c/Users/Acer/E-commerce/vendor/laravel/framework/src/Illuminate/Container/BoundMethod.php(35): Illuminate\\Container\\BoundMethod::callBoundMethod()
#20 /mnt/c/Users/Acer/E-commerce/vendor/laravel/framework/src/Illuminate/Container/Container.php(754): Illuminate\\Container\\BoundMethod::call()
#21 /mnt/c/Users/Acer/E-commerce/vendor/laravel/framework/src/Illuminate/Console/Command.php(211): Illuminate\\Container\\Container->call()
#22 /mnt/c/Users/Acer/E-commerce/vendor/symfony/console/Command/Command.php(279): Illuminate\\Console\\Command->execute()
#23 /mnt/c/Users/Acer/E-commerce/vendor/laravel/framework/src/Illuminate/Console/Command.php(180): Symfony\\Component\\Console\\Command\\Command->run()
#24 /mnt/c/Users/Acer/E-commerce/vendor/symfony/console/Application.php(1094): Illuminate\\Console\\Command->run()
#25 /mnt/c/Users/Acer/E-commerce/vendor/symfony/console/Application.php(342): Symfony\\Component\\Console\\Application->doRunCommand()
#26 /mnt/c/Users/Acer/E-commerce/vendor/symfony/console/Application.php(193): Symfony\\Component\\Console\\Application->doRun()
#27 /mnt/c/Users/Acer/E-commerce/vendor/laravel/framework/src/Illuminate/Foundation/Console/Kernel.php(197): Symfony\\Component\\Console\\Application->run()
#28 /mnt/c/Users/Acer/E-commerce/vendor/laravel/framework/src/Illuminate/Foundation/Application.php(1234): Illuminate\\Foundation\\Console\\Kernel->handle()
#29 /mnt/c/Users/Acer/E-commerce/artisan(16): Illuminate\\Foundation\\Application->handleCommand()
#30 {main}

[previous exception] [object] (PDOException(code: 42S02): SQLSTATE[42S02]: Base table or view not found: 1146 Table 'e_commerce.jobs' doesn't exist at /mnt/c/Users/Acer/E-commerce/vendor/laravel/framework/src/Illuminate/Database/Connection.php:404)
[stacktrace]
#0 /mnt/c/Users/Acer/E-commerce/vendor/laravel/framework/src/Illuminate/Database/Connection.php(404): PDO->prepare()
#1 /mnt/c/Users/Acer/E-commerce/vendor/laravel/framework/src/Illuminate/Database/Connection.php(809): Illuminate\\Database\\Connection->Illuminate\\Database\\{closure}()
#2 /mnt/c/Users/Acer/E-commerce/vendor/laravel/framework/src/Illuminate/Database/Connection.php(776): Illuminate\\Database\\Connection->runQueryCallback()
#3 /mnt/c/Users/Acer/E-commerce/vendor/laravel/framework/src/Illuminate/Database/Connection.php(395): Illuminate\\Database\\Connection->run()
#4 /mnt/c/Users/Acer/E-commerce/vendor/laravel/framework/src/Illuminate/Database/Query/Builder.php(3120): Illuminate\\Database\\Connection->select()
#5 /mnt/c/Users/Acer/E-commerce/vendor/laravel/framework/src/Illuminate/Database/Query/Builder.php(3105): Illuminate\\Database\\Query\\Builder->runSelect()
#6 /mnt/c/Users/Acer/E-commerce/vendor/laravel/framework/src/Illuminate/Database/Query/Builder.php(3695): Illuminate\\Database\\Query\\Builder->Illuminate\\Database\\Query\\{closure}()
#7 /mnt/c/Users/Acer/E-commerce/vendor/laravel/framework/src/Illuminate/Database/Query/Builder.php(3104): Illuminate\\Database\\Query\\Builder->onceWithColumns()
#8 /mnt/c/Users/Acer/E-commerce/vendor/laravel/framework/src/Illuminate/Database/Concerns/BuildsQueries.php(366): Illuminate\\Database\\Query\\Builder->get()
#9 /mnt/c/Users/Acer/E-commerce/vendor/laravel/framework/src/Illuminate/Queue/DatabaseQueue.php(248): Illuminate\\Database\\Query\\Builder->first()
#10 /mnt/c/Users/Acer/E-commerce/vendor/laravel/framework/src/Illuminate/Queue/DatabaseQueue.php(226): Illuminate\\Queue\\DatabaseQueue->getNextAvailableJob()
#11 /mnt/c/Users/Acer/E-commerce/vendor/laravel/framework/src/Illuminate/Database/Concerns/ManagesTransactions.php(32): Illuminate\\Queue\\DatabaseQueue->Illuminate\\Queue\\{closure}()
#12 /mnt/c/Users/Acer/E-commerce/vendor/laravel/framework/src/Illuminate/Queue/DatabaseQueue.php(225): Illuminate\\Database\\Connection->transaction()
#13 /mnt/c/Users/Acer/E-commerce/vendor/laravel/framework/src/Illuminate/Queue/Worker.php(350): Illuminate\\Queue\\DatabaseQueue->pop()
#14 /mnt/c/Users/Acer/E-commerce/vendor/laravel/framework/src/Illuminate/Queue/Worker.php(365): Illuminate\\Queue\\Worker->Illuminate\\Queue\\{closure}()
#15 /mnt/c/Users/Acer/E-commerce/vendor/laravel/framework/src/Illuminate/Queue/Worker.php(326): Illuminate\\Queue\\Worker->getNextJob()
#16 /mnt/c/Users/Acer/E-commerce/vendor/laravel/framework/src/Illuminate/Queue/Console/WorkCommand.php(148): Illuminate\\Queue\\Worker->runNextJob()
#17 /mnt/c/Users/Acer/E-commerce/vendor/laravel/framework/src/Illuminate/Queue/Console/WorkCommand.php(131): Illuminate\\Queue\\Console\\WorkCommand->runWorker()
#18 /mnt/c/Users/Acer/E-commerce/vendor/laravel/framework/src/Illuminate/Container/BoundMethod.php(36): Illuminate\\Queue\\Console\\WorkCommand->handle()
#19 /mnt/c/Users/Acer/E-commerce/vendor/laravel/framework/src/Illuminate/Container/Util.php(43): Illuminate\\Container\\BoundMethod::Illuminate\\Container\\{closure}()
#20 /mnt/c/Users/Acer/E-commerce/vendor/laravel/framework/src/Illuminate/Container/BoundMethod.php(96): Illuminate\\Container\\Util::unwrapIfClosure()
#21 /mnt/c/Users/Acer/E-commerce/vendor/laravel/framework/src/Illuminate/Container/BoundMethod.php(35): Illuminate\\Container\\BoundMethod::callBoundMethod()
#22 /mnt/c/Users/Acer/E-commerce/vendor/laravel/framework/src/Illuminate/Container/Container.php(754): Illuminate\\Container\\BoundMethod::call()
#23 /mnt/c/Users/Acer/E-commerce/vendor/laravel/framework/src/Illuminate/Console/Command.php(211): Illuminate\\Container\\Container->call()
#24 /mnt/c/Users/Acer/E-commerce/vendor/symfony/console/Command/Command.php(279): Illuminate\\Console\\Command->execute()
#25 /mnt/c/Users/Acer/E-commerce/vendor/laravel/framework/src/Illuminate/Console/Command.php(180): Symfony\\Component\\Console\\Command\\Command->run()
#26 /mnt/c/Users/Acer/E-commerce/vendor/symfony/console/Application.php(1094): Illuminate\\Console\\Command->run()
#27 /mnt/c/Users/Acer/E-commerce/vendor/symfony/console/Application.php(342): Symfony\\Component\\Console\\Application->doRunCommand()
#28 /mnt/c/Users/Acer/E-commerce/vendor/symfony/console/Application.php(193): Symfony\\Component\\Console\\Application->doRun()
#29 /mnt/c/Users/Acer/E-commerce/vendor/laravel/framework/src/Illuminate/Foundation/Console/Kernel.php(197): Symfony\\Component\\Console\\Application->run()
#30 /mnt/c/Users/Acer/E-commerce/vendor/laravel/framework/src/Illuminate/Foundation/Application.php(1234): Illuminate\\Foundation\\Console\\Kernel->handle()
#31 /mnt/c/Users/Acer/E-commerce/artisan(16): Illuminate\\Foundation\\Application->handleCommand()
#32 {main}
"} 
[2025-05-24 08:28:32] local.ERROR: SQLSTATE[42S02]: Base table or view not found: 1146 Table 'e_commerce.jobs' doesn't exist (Connection: mysql, SQL: select * from `jobs` where `queue` = default and ((`reserved_at` is null and `available_at` <= 1748075311) or (`reserved_at` <= 1748075221)) order by `id` asc limit 1 FOR UPDATE SKIP LOCKED) {"exception":"[object] (Illuminate\\Database\\QueryException(code: 42S02): SQLSTATE[42S02]: Base table or view not found: 1146 Table 'e_commerce.jobs' doesn't exist (Connection: mysql, SQL: select * from `jobs` where `queue` = default and ((`reserved_at` is null and `available_at` <= 1748075311) or (`reserved_at` <= 1748075221)) order by `id` asc limit 1 FOR UPDATE SKIP LOCKED) at /mnt/c/Users/Acer/E-commerce/vendor/laravel/framework/src/Illuminate/Database/Connection.php:822)
[stacktrace]
#0 /mnt/c/Users/Acer/E-commerce/vendor/laravel/framework/src/Illuminate/Database/Connection.php(776): Illuminate\\Database\\Connection->runQueryCallback()
#1 /mnt/c/Users/Acer/E-commerce/vendor/laravel/framework/src/Illuminate/Database/Connection.php(395): Illuminate\\Database\\Connection->run()
#2 /mnt/c/Users/Acer/E-commerce/vendor/laravel/framework/src/Illuminate/Database/Query/Builder.php(3120): Illuminate\\Database\\Connection->select()
#3 /mnt/c/Users/Acer/E-commerce/vendor/laravel/framework/src/Illuminate/Database/Query/Builder.php(3105): Illuminate\\Database\\Query\\Builder->runSelect()
#4 /mnt/c/Users/Acer/E-commerce/vendor/laravel/framework/src/Illuminate/Database/Query/Builder.php(3695): Illuminate\\Database\\Query\\Builder->Illuminate\\Database\\Query\\{closure}()
#5 /mnt/c/Users/Acer/E-commerce/vendor/laravel/framework/src/Illuminate/Database/Query/Builder.php(3104): Illuminate\\Database\\Query\\Builder->onceWithColumns()
#6 /mnt/c/Users/Acer/E-commerce/vendor/laravel/framework/src/Illuminate/Database/Concerns/BuildsQueries.php(366): Illuminate\\Database\\Query\\Builder->get()
#7 /mnt/c/Users/Acer/E-commerce/vendor/laravel/framework/src/Illuminate/Queue/DatabaseQueue.php(248): Illuminate\\Database\\Query\\Builder->first()
#8 /mnt/c/Users/Acer/E-commerce/vendor/laravel/framework/src/Illuminate/Queue/DatabaseQueue.php(226): Illuminate\\Queue\\DatabaseQueue->getNextAvailableJob()
#9 /mnt/c/Users/Acer/E-commerce/vendor/laravel/framework/src/Illuminate/Database/Concerns/ManagesTransactions.php(32): Illuminate\\Queue\\DatabaseQueue->Illuminate\\Queue\\{closure}()
#10 /mnt/c/Users/Acer/E-commerce/vendor/laravel/framework/src/Illuminate/Queue/DatabaseQueue.php(225): Illuminate\\Database\\Connection->transaction()
#11 /mnt/c/Users/Acer/E-commerce/vendor/laravel/framework/src/Illuminate/Queue/Worker.php(350): Illuminate\\Queue\\DatabaseQueue->pop()
#12 /mnt/c/Users/Acer/E-commerce/vendor/laravel/framework/src/Illuminate/Queue/Worker.php(365): Illuminate\\Queue\\Worker->Illuminate\\Queue\\{closure}()
#13 /mnt/c/Users/Acer/E-commerce/vendor/laravel/framework/src/Illuminate/Queue/Worker.php(326): Illuminate\\Queue\\Worker->getNextJob()
#14 /mnt/c/Users/Acer/E-commerce/vendor/laravel/framework/src/Illuminate/Queue/Console/WorkCommand.php(148): Illuminate\\Queue\\Worker->runNextJob()
#15 /mnt/c/Users/Acer/E-commerce/vendor/laravel/framework/src/Illuminate/Queue/Console/WorkCommand.php(131): Illuminate\\Queue\\Console\\WorkCommand->runWorker()
#16 /mnt/c/Users/Acer/E-commerce/vendor/laravel/framework/src/Illuminate/Container/BoundMethod.php(36): Illuminate\\Queue\\Console\\WorkCommand->handle()
#17 /mnt/c/Users/Acer/E-commerce/vendor/laravel/framework/src/Illuminate/Container/Util.php(43): Illuminate\\Container\\BoundMethod::Illuminate\\Container\\{closure}()
#18 /mnt/c/Users/Acer/E-commerce/vendor/laravel/framework/src/Illuminate/Container/BoundMethod.php(96): Illuminate\\Container\\Util::unwrapIfClosure()
#19 /mnt/c/Users/Acer/E-commerce/vendor/laravel/framework/src/Illuminate/Container/BoundMethod.php(35): Illuminate\\Container\\BoundMethod::callBoundMethod()
#20 /mnt/c/Users/Acer/E-commerce/vendor/laravel/framework/src/Illuminate/Container/Container.php(754): Illuminate\\Container\\BoundMethod::call()
#21 /mnt/c/Users/Acer/E-commerce/vendor/laravel/framework/src/Illuminate/Console/Command.php(211): Illuminate\\Container\\Container->call()
#22 /mnt/c/Users/Acer/E-commerce/vendor/symfony/console/Command/Command.php(279): Illuminate\\Console\\Command->execute()
#23 /mnt/c/Users/Acer/E-commerce/vendor/laravel/framework/src/Illuminate/Console/Command.php(180): Symfony\\Component\\Console\\Command\\Command->run()
#24 /mnt/c/Users/Acer/E-commerce/vendor/symfony/console/Application.php(1094): Illuminate\\Console\\Command->run()
#25 /mnt/c/Users/Acer/E-commerce/vendor/symfony/console/Application.php(342): Symfony\\Component\\Console\\Application->doRunCommand()
#26 /mnt/c/Users/Acer/E-commerce/vendor/symfony/console/Application.php(193): Symfony\\Component\\Console\\Application->doRun()
#27 /mnt/c/Users/Acer/E-commerce/vendor/laravel/framework/src/Illuminate/Foundation/Console/Kernel.php(197): Symfony\\Component\\Console\\Application->run()
#28 /mnt/c/Users/Acer/E-commerce/vendor/laravel/framework/src/Illuminate/Foundation/Application.php(1234): Illuminate\\Foundation\\Console\\Kernel->handle()
#29 /mnt/c/Users/Acer/E-commerce/artisan(16): Illuminate\\Foundation\\Application->handleCommand()
#30 {main}

[previous exception] [object] (PDOException(code: 42S02): SQLSTATE[42S02]: Base table or view not found: 1146 Table 'e_commerce.jobs' doesn't exist at /mnt/c/Users/Acer/E-commerce/vendor/laravel/framework/src/Illuminate/Database/Connection.php:404)
[stacktrace]
#0 /mnt/c/Users/Acer/E-commerce/vendor/laravel/framework/src/Illuminate/Database/Connection.php(404): PDO->prepare()
#1 /mnt/c/Users/Acer/E-commerce/vendor/laravel/framework/src/Illuminate/Database/Connection.php(809): Illuminate\\Database\\Connection->Illuminate\\Database\\{closure}()
#2 /mnt/c/Users/Acer/E-commerce/vendor/laravel/framework/src/Illuminate/Database/Connection.php(776): Illuminate\\Database\\Connection->runQueryCallback()
#3 /mnt/c/Users/Acer/E-commerce/vendor/laravel/framework/src/Illuminate/Database/Connection.php(395): Illuminate\\Database\\Connection->run()
#4 /mnt/c/Users/Acer/E-commerce/vendor/laravel/framework/src/Illuminate/Database/Query/Builder.php(3120): Illuminate\\Database\\Connection->select()
#5 /mnt/c/Users/Acer/E-commerce/vendor/laravel/framework/src/Illuminate/Database/Query/Builder.php(3105): Illuminate\\Database\\Query\\Builder->runSelect()
#6 /mnt/c/Users/Acer/E-commerce/vendor/laravel/framework/src/Illuminate/Database/Query/Builder.php(3695): Illuminate\\Database\\Query\\Builder->Illuminate\\Database\\Query\\{closure}()
#7 /mnt/c/Users/Acer/E-commerce/vendor/laravel/framework/src/Illuminate/Database/Query/Builder.php(3104): Illuminate\\Database\\Query\\Builder->onceWithColumns()
#8 /mnt/c/Users/Acer/E-commerce/vendor/laravel/framework/src/Illuminate/Database/Concerns/BuildsQueries.php(366): Illuminate\\Database\\Query\\Builder->get()
#9 /mnt/c/Users/Acer/E-commerce/vendor/laravel/framework/src/Illuminate/Queue/DatabaseQueue.php(248): Illuminate\\Database\\Query\\Builder->first()
#10 /mnt/c/Users/Acer/E-commerce/vendor/laravel/framework/src/Illuminate/Queue/DatabaseQueue.php(226): Illuminate\\Queue\\DatabaseQueue->getNextAvailableJob()
#11 /mnt/c/Users/Acer/E-commerce/vendor/laravel/framework/src/Illuminate/Database/Concerns/ManagesTransactions.php(32): Illuminate\\Queue\\DatabaseQueue->Illuminate\\Queue\\{closure}()
#12 /mnt/c/Users/Acer/E-commerce/vendor/laravel/framework/src/Illuminate/Queue/DatabaseQueue.php(225): Illuminate\\Database\\Connection->transaction()
#13 /mnt/c/Users/Acer/E-commerce/vendor/laravel/framework/src/Illuminate/Queue/Worker.php(350): Illuminate\\Queue\\DatabaseQueue->pop()
#14 /mnt/c/Users/Acer/E-commerce/vendor/laravel/framework/src/Illuminate/Queue/Worker.php(365): Illuminate\\Queue\\Worker->Illuminate\\Queue\\{closure}()
#15 /mnt/c/Users/Acer/E-commerce/vendor/laravel/framework/src/Illuminate/Queue/Worker.php(326): Illuminate\\Queue\\Worker->getNextJob()
#16 /mnt/c/Users/Acer/E-commerce/vendor/laravel/framework/src/Illuminate/Queue/Console/WorkCommand.php(148): Illuminate\\Queue\\Worker->runNextJob()
#17 /mnt/c/Users/Acer/E-commerce/vendor/laravel/framework/src/Illuminate/Queue/Console/WorkCommand.php(131): Illuminate\\Queue\\Console\\WorkCommand->runWorker()
#18 /mnt/c/Users/Acer/E-commerce/vendor/laravel/framework/src/Illuminate/Container/BoundMethod.php(36): Illuminate\\Queue\\Console\\WorkCommand->handle()
#19 /mnt/c/Users/Acer/E-commerce/vendor/laravel/framework/src/Illuminate/Container/Util.php(43): Illuminate\\Container\\BoundMethod::Illuminate\\Container\\{closure}()
#20 /mnt/c/Users/Acer/E-commerce/vendor/laravel/framework/src/Illuminate/Container/BoundMethod.php(96): Illuminate\\Container\\Util::unwrapIfClosure()
#21 /mnt/c/Users/Acer/E-commerce/vendor/laravel/framework/src/Illuminate/Container/BoundMethod.php(35): Illuminate\\Container\\BoundMethod::callBoundMethod()
#22 /mnt/c/Users/Acer/E-commerce/vendor/laravel/framework/src/Illuminate/Container/Container.php(754): Illuminate\\Container\\BoundMethod::call()
#23 /mnt/c/Users/Acer/E-commerce/vendor/laravel/framework/src/Illuminate/Console/Command.php(211): Illuminate\\Container\\Container->call()
#24 /mnt/c/Users/Acer/E-commerce/vendor/symfony/console/Command/Command.php(279): Illuminate\\Console\\Command->execute()
#25 /mnt/c/Users/Acer/E-commerce/vendor/laravel/framework/src/Illuminate/Console/Command.php(180): Symfony\\Component\\Console\\Command\\Command->run()
#26 /mnt/c/Users/Acer/E-commerce/vendor/symfony/console/Application.php(1094): Illuminate\\Console\\Command->run()
#27 /mnt/c/Users/Acer/E-commerce/vendor/symfony/console/Application.php(342): Symfony\\Component\\Console\\Application->doRunCommand()
#28 /mnt/c/Users/Acer/E-commerce/vendor/symfony/console/Application.php(193): Symfony\\Component\\Console\\Application->doRun()
#29 /mnt/c/Users/Acer/E-commerce/vendor/laravel/framework/src/Illuminate/Foundation/Console/Kernel.php(197): Symfony\\Component\\Console\\Application->run()
#30 /mnt/c/Users/Acer/E-commerce/vendor/laravel/framework/src/Illuminate/Foundation/Application.php(1234): Illuminate\\Foundation\\Console\\Kernel->handle()
#31 /mnt/c/Users/Acer/E-commerce/artisan(16): Illuminate\\Foundation\\Application->handleCommand()
#32 {main}
"} 
