[2025-05-24 08:26:38] local.ERROR: SQLSTATE[42S02]: Base table or view not found: 1146 Table 'e_commerce.sessions' doesn't exist (Connection: mysql, SQL: select * from `sessions` where `id` = 8QgWRX674CicL6jejX7jwmWv4JHrr8iSmyrMJ7zn limit 1) {"exception":"[object] (Illuminate\\Database\\QueryException(code: 42S02): SQLSTATE[42S02]: Base table or view not found: 1146 Table 'e_commerce.sessions' doesn't exist (Connection: mysql, SQL: select * from `sessions` where `id` = 8QgWRX674CicL6jejX7jwmWv4JHrr8iSmyrMJ7zn limit 1) at /mnt/c/Users/Acer/E-commerce/vendor/laravel/framework/src/Illuminate/Database/Connection.php:822)
[stacktrace]
#0 /mnt/c/Users/Acer/E-commerce/vendor/laravel/framework/src/Illuminate/Database/Connection.php(776): Illuminate\\Database\\Connection->runQueryCallback()
#1 /mnt/c/Users/Acer/E-commerce/vendor/laravel/framework/src/Illuminate/Database/Connection.php(395): Illuminate\\Database\\Connection->run()
#2 /mnt/c/Users/Acer/E-commerce/vendor/laravel/framework/src/Illuminate/Database/Query/Builder.php(3120): Illuminate\\Database\\Connection->select()
#3 /mnt/c/Users/Acer/E-commerce/vendor/laravel/framework/src/Illuminate/Database/Query/Builder.php(3105): Illuminate\\Database\\Query\\Builder->runSelect()
#4 /mnt/c/Users/Acer/E-commerce/vendor/laravel/framework/src/Illuminate/Database/Query/Builder.php(3695): Illuminate\\Database\\Query\\Builder->Illuminate\\Database\\Query\\{closure}()
#5 /mnt/c/Users/Acer/E-commerce/vendor/laravel/framework/src/Illuminate/Database/Query/Builder.php(3104): Illuminate\\Database\\Query\\Builder->onceWithColumns()
#6 /mnt/c/Users/Acer/E-commerce/vendor/laravel/framework/src/Illuminate/Database/Concerns/BuildsQueries.php(366): Illuminate\\Database\\Query\\Builder->get()
#7 /mnt/c/Users/Acer/E-commerce/vendor/laravel/framework/src/Illuminate/Database/Query/Builder.php(3027): Illuminate\\Database\\Query\\Builder->first()
#8 /mnt/c/Users/Acer/E-commerce/vendor/laravel/framework/src/Illuminate/Session/DatabaseSessionHandler.php(96): Illuminate\\Database\\Query\\Builder->find()
#9 /mnt/c/Users/Acer/E-commerce/vendor/laravel/framework/src/Illuminate/Session/Store.php(116): Illuminate\\Session\\DatabaseSessionHandler->read()
#10 /mnt/c/Users/Acer/E-commerce/vendor/laravel/framework/src/Illuminate/Session/Store.php(104): Illuminate\\Session\\Store->readFromHandler()
#11 /mnt/c/Users/Acer/E-commerce/vendor/laravel/framework/src/Illuminate/Session/Store.php(88): Illuminate\\Session\\Store->loadSession()
#12 /mnt/c/Users/Acer/E-commerce/vendor/laravel/framework/src/Illuminate/Session/Middleware/StartSession.php(146): Illuminate\\Session\\Store->start()
#13 /mnt/c/Users/Acer/E-commerce/vendor/laravel/framework/src/Illuminate/Support/helpers.php(399): Illuminate\\Session\\Middleware\\StartSession->Illuminate\\Session\\Middleware\\{closure}()
#14 /mnt/c/Users/Acer/E-commerce/vendor/laravel/framework/src/Illuminate/Session/Middleware/StartSession.php(143): tap()
#15 /mnt/c/Users/Acer/E-commerce/vendor/laravel/framework/src/Illuminate/Session/Middleware/StartSession.php(115): Illuminate\\Session\\Middleware\\StartSession->startSession()
#16 /mnt/c/Users/Acer/E-commerce/vendor/laravel/framework/src/Illuminate/Session/Middleware/StartSession.php(63): Illuminate\\Session\\Middleware\\StartSession->handleStatefulRequest()
#17 /mnt/c/Users/Acer/E-commerce/vendor/laravel/framework/src/Illuminate/Pipeline/Pipeline.php(208): Illuminate\\Session\\Middleware\\StartSession->handle()
#18 /mnt/c/Users/Acer/E-commerce/vendor/laravel/framework/src/Illuminate/Cookie/Middleware/AddQueuedCookiesToResponse.php(36): Illuminate\\Pipeline\\Pipeline->Illuminate\\Pipeline\\{closure}()
#19 /mnt/c/Users/Acer/E-commerce/vendor/laravel/framework/src/Illuminate/Pipeline/Pipeline.php(208): Illuminate\\Cookie\\Middleware\\AddQueuedCookiesToResponse->handle()
#20 /mnt/c/Users/Acer/E-commerce/vendor/laravel/framework/src/Illuminate/Cookie/Middleware/EncryptCookies.php(74): Illuminate\\Pipeline\\Pipeline->Illuminate\\Pipeline\\{closure}()
#21 /mnt/c/Users/Acer/E-commerce/vendor/laravel/framework/src/Illuminate/Pipeline/Pipeline.php(208): Illuminate\\Cookie\\Middleware\\EncryptCookies->handle()
#22 /mnt/c/Users/Acer/E-commerce/vendor/laravel/framework/src/Illuminate/Pipeline/Pipeline.php(126): Illuminate\\Pipeline\\Pipeline->Illuminate\\Pipeline\\{closure}()
#23 /mnt/c/Users/Acer/E-commerce/vendor/laravel/framework/src/Illuminate/Routing/Router.php(807): Illuminate\\Pipeline\\Pipeline->then()
#24 /mnt/c/Users/Acer/E-commerce/vendor/laravel/framework/src/Illuminate/Routing/Router.php(786): Illuminate\\Routing\\Router->runRouteWithinStack()
#25 /mnt/c/Users/Acer/E-commerce/vendor/laravel/framework/src/Illuminate/Routing/Router.php(750): Illuminate\\Routing\\Router->runRoute()
#26 /mnt/c/Users/Acer/E-commerce/vendor/laravel/framework/src/Illuminate/Routing/Router.php(739): Illuminate\\Routing\\Router->dispatchToRoute()
#27 /mnt/c/Users/Acer/E-commerce/vendor/laravel/framework/src/Illuminate/Foundation/Http/Kernel.php(200): Illuminate\\Routing\\Router->dispatch()
#28 /mnt/c/Users/Acer/E-commerce/vendor/laravel/framework/src/Illuminate/Pipeline/Pipeline.php(169): Illuminate\\Foundation\\Http\\Kernel->Illuminate\\Foundation\\Http\\{closure}()
#29 /mnt/c/Users/Acer/E-commerce/vendor/laravel/framework/src/Illuminate/Foundation/Http/Middleware/TransformsRequest.php(21): Illuminate\\Pipeline\\Pipeline->Illuminate\\Pipeline\\{closure}()
#30 /mnt/c/Users/Acer/E-commerce/vendor/laravel/framework/src/Illuminate/Foundation/Http/Middleware/ConvertEmptyStringsToNull.php(31): Illuminate\\Foundation\\Http\\Middleware\\TransformsRequest->handle()
#31 /mnt/c/Users/Acer/E-commerce/vendor/laravel/framework/src/Illuminate/Pipeline/Pipeline.php(208): Illuminate\\Foundation\\Http\\Middleware\\ConvertEmptyStringsToNull->handle()
#32 /mnt/c/Users/Acer/E-commerce/vendor/laravel/framework/src/Illuminate/Foundation/Http/Middleware/TransformsRequest.php(21): Illuminate\\Pipeline\\Pipeline->Illuminate\\Pipeline\\{closure}()
#33 /mnt/c/Users/Acer/E-commerce/vendor/laravel/framework/src/Illuminate/Foundation/Http/Middleware/TrimStrings.php(51): Illuminate\\Foundation\\Http\\Middleware\\TransformsRequest->handle()
#34 /mnt/c/Users/Acer/E-commerce/vendor/laravel/framework/src/Illuminate/Pipeline/Pipeline.php(208): Illuminate\\Foundation\\Http\\Middleware\\TrimStrings->handle()
#35 /mnt/c/Users/Acer/E-commerce/vendor/laravel/framework/src/Illuminate/Http/Middleware/ValidatePostSize.php(27): Illuminate\\Pipeline\\Pipeline->Illuminate\\Pipeline\\{closure}()
#36 /mnt/c/Users/Acer/E-commerce/vendor/laravel/framework/src/Illuminate/Pipeline/Pipeline.php(208): Illuminate\\Http\\Middleware\\ValidatePostSize->handle()
#37 /mnt/c/Users/Acer/E-commerce/vendor/laravel/framework/src/Illuminate/Foundation/Http/Middleware/PreventRequestsDuringMaintenance.php(109): Illuminate\\Pipeline\\Pipeline->Illuminate\\Pipeline\\{closure}()
#38 /mnt/c/Users/Acer/E-commerce/vendor/laravel/framework/src/Illuminate/Pipeline/Pipeline.php(208): Illuminate\\Foundation\\Http\\Middleware\\PreventRequestsDuringMaintenance->handle()
#39 /mnt/c/Users/Acer/E-commerce/vendor/laravel/framework/src/Illuminate/Http/Middleware/HandleCors.php(48): Illuminate\\Pipeline\\Pipeline->Illuminate\\Pipeline\\{closure}()
#40 /mnt/c/Users/Acer/E-commerce/vendor/laravel/framework/src/Illuminate/Pipeline/Pipeline.php(208): Illuminate\\Http\\Middleware\\HandleCors->handle()
#41 /mnt/c/Users/Acer/E-commerce/vendor/laravel/framework/src/Illuminate/Http/Middleware/TrustProxies.php(58): Illuminate\\Pipeline\\Pipeline->Illuminate\\Pipeline\\{closure}()
#42 /mnt/c/Users/Acer/E-commerce/vendor/laravel/framework/src/Illuminate/Pipeline/Pipeline.php(208): Illuminate\\Http\\Middleware\\TrustProxies->handle()
#43 /mnt/c/Users/Acer/E-commerce/vendor/laravel/framework/src/Illuminate/Foundation/Http/Middleware/InvokeDeferredCallbacks.php(22): Illuminate\\Pipeline\\Pipeline->Illuminate\\Pipeline\\{closure}()
#44 /mnt/c/Users/Acer/E-commerce/vendor/laravel/framework/src/Illuminate/Pipeline/Pipeline.php(208): Illuminate\\Foundation\\Http\\Middleware\\InvokeDeferredCallbacks->handle()
#45 /mnt/c/Users/Acer/E-commerce/vendor/laravel/framework/src/Illuminate/Http/Middleware/ValidatePathEncoding.php(26): Illuminate\\Pipeline\\Pipeline->Illuminate\\Pipeline\\{closure}()
#46 /mnt/c/Users/Acer/E-commerce/vendor/laravel/framework/src/Illuminate/Pipeline/Pipeline.php(208): Illuminate\\Http\\Middleware\\ValidatePathEncoding->handle()
#47 /mnt/c/Users/Acer/E-commerce/vendor/laravel/framework/src/Illuminate/Pipeline/Pipeline.php(126): Illuminate\\Pipeline\\Pipeline->Illuminate\\Pipeline\\{closure}()
#48 /mnt/c/Users/Acer/E-commerce/vendor/laravel/framework/src/Illuminate/Foundation/Http/Kernel.php(175): Illuminate\\Pipeline\\Pipeline->then()
#49 /mnt/c/Users/Acer/E-commerce/vendor/laravel/framework/src/Illuminate/Foundation/Http/Kernel.php(144): Illuminate\\Foundation\\Http\\Kernel->sendRequestThroughRouter()
#50 /mnt/c/Users/Acer/E-commerce/vendor/laravel/framework/src/Illuminate/Foundation/Application.php(1219): Illuminate\\Foundation\\Http\\Kernel->handle()
#51 /mnt/c/Users/Acer/E-commerce/public/index.php(20): Illuminate\\Foundation\\Application->handleRequest()
#52 /mnt/c/Users/Acer/E-commerce/vendor/laravel/framework/src/Illuminate/Foundation/resources/server.php(23): require_once('...')
#53 {main}

[previous exception] [object] (PDOException(code: 42S02): SQLSTATE[42S02]: Base table or view not found: 1146 Table 'e_commerce.sessions' doesn't exist at /mnt/c/Users/Acer/E-commerce/vendor/laravel/framework/src/Illuminate/Database/Connection.php:404)
[stacktrace]
#0 /mnt/c/Users/Acer/E-commerce/vendor/laravel/framework/src/Illuminate/Database/Connection.php(404): PDO->prepare()
#1 /mnt/c/Users/Acer/E-commerce/vendor/laravel/framework/src/Illuminate/Database/Connection.php(809): Illuminate\\Database\\Connection->Illuminate\\Database\\{closure}()
#2 /mnt/c/Users/Acer/E-commerce/vendor/laravel/framework/src/Illuminate/Database/Connection.php(776): Illuminate\\Database\\Connection->runQueryCallback()
#3 /mnt/c/Users/Acer/E-commerce/vendor/laravel/framework/src/Illuminate/Database/Connection.php(395): Illuminate\\Database\\Connection->run()
#4 /mnt/c/Users/Acer/E-commerce/vendor/laravel/framework/src/Illuminate/Database/Query/Builder.php(3120): Illuminate\\Database\\Connection->select()
#5 /mnt/c/Users/Acer/E-commerce/vendor/laravel/framework/src/Illuminate/Database/Query/Builder.php(3105): Illuminate\\Database\\Query\\Builder->runSelect()
#6 /mnt/c/Users/Acer/E-commerce/vendor/laravel/framework/src/Illuminate/Database/Query/Builder.php(3695): Illuminate\\Database\\Query\\Builder->Illuminate\\Database\\Query\\{closure}()
#7 /mnt/c/Users/Acer/E-commerce/vendor/laravel/framework/src/Illuminate/Database/Query/Builder.php(3104): Illuminate\\Database\\Query\\Builder->onceWithColumns()
#8 /mnt/c/Users/Acer/E-commerce/vendor/laravel/framework/src/Illuminate/Database/Concerns/BuildsQueries.php(366): Illuminate\\Database\\Query\\Builder->get()
#9 /mnt/c/Users/Acer/E-commerce/vendor/laravel/framework/src/Illuminate/Database/Query/Builder.php(3027): Illuminate\\Database\\Query\\Builder->first()
#10 /mnt/c/Users/Acer/E-commerce/vendor/laravel/framework/src/Illuminate/Session/DatabaseSessionHandler.php(96): Illuminate\\Database\\Query\\Builder->find()
#11 /mnt/c/Users/Acer/E-commerce/vendor/laravel/framework/src/Illuminate/Session/Store.php(116): Illuminate\\Session\\DatabaseSessionHandler->read()
#12 /mnt/c/Users/Acer/E-commerce/vendor/laravel/framework/src/Illuminate/Session/Store.php(104): Illuminate\\Session\\Store->readFromHandler()
#13 /mnt/c/Users/Acer/E-commerce/vendor/laravel/framework/src/Illuminate/Session/Store.php(88): Illuminate\\Session\\Store->loadSession()
#14 /mnt/c/Users/Acer/E-commerce/vendor/laravel/framework/src/Illuminate/Session/Middleware/StartSession.php(146): Illuminate\\Session\\Store->start()
#15 /mnt/c/Users/Acer/E-commerce/vendor/laravel/framework/src/Illuminate/Support/helpers.php(399): Illuminate\\Session\\Middleware\\StartSession->Illuminate\\Session\\Middleware\\{closure}()
#16 /mnt/c/Users/Acer/E-commerce/vendor/laravel/framework/src/Illuminate/Session/Middleware/StartSession.php(143): tap()
#17 /mnt/c/Users/Acer/E-commerce/vendor/laravel/framework/src/Illuminate/Session/Middleware/StartSession.php(115): Illuminate\\Session\\Middleware\\StartSession->startSession()
#18 /mnt/c/Users/Acer/E-commerce/vendor/laravel/framework/src/Illuminate/Session/Middleware/StartSession.php(63): Illuminate\\Session\\Middleware\\StartSession->handleStatefulRequest()
#19 /mnt/c/Users/Acer/E-commerce/vendor/laravel/framework/src/Illuminate/Pipeline/Pipeline.php(208): Illuminate\\Session\\Middleware\\StartSession->handle()
#20 /mnt/c/Users/Acer/E-commerce/vendor/laravel/framework/src/Illuminate/Cookie/Middleware/AddQueuedCookiesToResponse.php(36): Illuminate\\Pipeline\\Pipeline->Illuminate\\Pipeline\\{closure}()
#21 /mnt/c/Users/Acer/E-commerce/vendor/laravel/framework/src/Illuminate/Pipeline/Pipeline.php(208): Illuminate\\Cookie\\Middleware\\AddQueuedCookiesToResponse->handle()
#22 /mnt/c/Users/Acer/E-commerce/vendor/laravel/framework/src/Illuminate/Cookie/Middleware/EncryptCookies.php(74): Illuminate\\Pipeline\\Pipeline->Illuminate\\Pipeline\\{closure}()
#23 /mnt/c/Users/Acer/E-commerce/vendor/laravel/framework/src/Illuminate/Pipeline/Pipeline.php(208): Illuminate\\Cookie\\Middleware\\EncryptCookies->handle()
#24 /mnt/c/Users/Acer/E-commerce/vendor/laravel/framework/src/Illuminate/Pipeline/Pipeline.php(126): Illuminate\\Pipeline\\Pipeline->Illuminate\\Pipeline\\{closure}()
#25 /mnt/c/Users/Acer/E-commerce/vendor/laravel/framework/src/Illuminate/Routing/Router.php(807): Illuminate\\Pipeline\\Pipeline->then()
#26 /mnt/c/Users/Acer/E-commerce/vendor/laravel/framework/src/Illuminate/Routing/Router.php(786): Illuminate\\Routing\\Router->runRouteWithinStack()
#27 /mnt/c/Users/Acer/E-commerce/vendor/laravel/framework/src/Illuminate/Routing/Router.php(750): Illuminate\\Routing\\Router->runRoute()
#28 /mnt/c/Users/Acer/E-commerce/vendor/laravel/framework/src/Illuminate/Routing/Router.php(739): Illuminate\\Routing\\Router->dispatchToRoute()
#29 /mnt/c/Users/Acer/E-commerce/vendor/laravel/framework/src/Illuminate/Foundation/Http/Kernel.php(200): Illuminate\\Routing\\Router->dispatch()
#30 /mnt/c/Users/Acer/E-commerce/vendor/laravel/framework/src/Illuminate/Pipeline/Pipeline.php(169): Illuminate\\Foundation\\Http\\Kernel->Illuminate\\Foundation\\Http\\{closure}()
#31 /mnt/c/Users/Acer/E-commerce/vendor/laravel/framework/src/Illuminate/Foundation/Http/Middleware/TransformsRequest.php(21): Illuminate\\Pipeline\\Pipeline->Illuminate\\Pipeline\\{closure}()
#32 /mnt/c/Users/Acer/E-commerce/vendor/laravel/framework/src/Illuminate/Foundation/Http/Middleware/ConvertEmptyStringsToNull.php(31): Illuminate\\Foundation\\Http\\Middleware\\TransformsRequest->handle()
#33 /mnt/c/Users/Acer/E-commerce/vendor/laravel/framework/src/Illuminate/Pipeline/Pipeline.php(208): Illuminate\\Foundation\\Http\\Middleware\\ConvertEmptyStringsToNull->handle()
#34 /mnt/c/Users/Acer/E-commerce/vendor/laravel/framework/src/Illuminate/Foundation/Http/Middleware/TransformsRequest.php(21): Illuminate\\Pipeline\\Pipeline->Illuminate\\Pipeline\\{closure}()
#35 /mnt/c/Users/Acer/E-commerce/vendor/laravel/framework/src/Illuminate/Foundation/Http/Middleware/TrimStrings.php(51): Illuminate\\Foundation\\Http\\Middleware\\TransformsRequest->handle()
#36 /mnt/c/Users/Acer/E-commerce/vendor/laravel/framework/src/Illuminate/Pipeline/Pipeline.php(208): Illuminate\\Foundation\\Http\\Middleware\\TrimStrings->handle()
#37 /mnt/c/Users/Acer/E-commerce/vendor/laravel/framework/src/Illuminate/Http/Middleware/ValidatePostSize.php(27): Illuminate\\Pipeline\\Pipeline->Illuminate\\Pipeline\\{closure}()
#38 /mnt/c/Users/Acer/E-commerce/vendor/laravel/framework/src/Illuminate/Pipeline/Pipeline.php(208): Illuminate\\Http\\Middleware\\ValidatePostSize->handle()
#39 /mnt/c/Users/Acer/E-commerce/vendor/laravel/framework/src/Illuminate/Foundation/Http/Middleware/PreventRequestsDuringMaintenance.php(109): Illuminate\\Pipeline\\Pipeline->Illuminate\\Pipeline\\{closure}()
#40 /mnt/c/Users/Acer/E-commerce/vendor/laravel/framework/src/Illuminate/Pipeline/Pipeline.php(208): Illuminate\\Foundation\\Http\\Middleware\\PreventRequestsDuringMaintenance->handle()
#41 /mnt/c/Users/Acer/E-commerce/vendor/laravel/framework/src/Illuminate/Http/Middleware/HandleCors.php(48): Illuminate\\Pipeline\\Pipeline->Illuminate\\Pipeline\\{closure}()
#42 /mnt/c/Users/Acer/E-commerce/vendor/laravel/framework/src/Illuminate/Pipeline/Pipeline.php(208): Illuminate\\Http\\Middleware\\HandleCors->handle()
#43 /mnt/c/Users/Acer/E-commerce/vendor/laravel/framework/src/Illuminate/Http/Middleware/TrustProxies.php(58): Illuminate\\Pipeline\\Pipeline->Illuminate\\Pipeline\\{closure}()
#44 /mnt/c/Users/Acer/E-commerce/vendor/laravel/framework/src/Illuminate/Pipeline/Pipeline.php(208): Illuminate\\Http\\Middleware\\TrustProxies->handle()
#45 /mnt/c/Users/Acer/E-commerce/vendor/laravel/framework/src/Illuminate/Foundation/Http/Middleware/InvokeDeferredCallbacks.php(22): Illuminate\\Pipeline\\Pipeline->Illuminate\\Pipeline\\{closure}()
#46 /mnt/c/Users/Acer/E-commerce/vendor/laravel/framework/src/Illuminate/Pipeline/Pipeline.php(208): Illuminate\\Foundation\\Http\\Middleware\\InvokeDeferredCallbacks->handle()
#47 /mnt/c/Users/Acer/E-commerce/vendor/laravel/framework/src/Illuminate/Http/Middleware/ValidatePathEncoding.php(26): Illuminate\\Pipeline\\Pipeline->Illuminate\\Pipeline\\{closure}()
#48 /mnt/c/Users/Acer/E-commerce/vendor/laravel/framework/src/Illuminate/Pipeline/Pipeline.php(208): Illuminate\\Http\\Middleware\\ValidatePathEncoding->handle()
#49 /mnt/c/Users/Acer/E-commerce/vendor/laravel/framework/src/Illuminate/Pipeline/Pipeline.php(126): Illuminate\\Pipeline\\Pipeline->Illuminate\\Pipeline\\{closure}()
#50 /mnt/c/Users/Acer/E-commerce/vendor/laravel/framework/src/Illuminate/Foundation/Http/Kernel.php(175): Illuminate\\Pipeline\\Pipeline->then()
#51 /mnt/c/Users/Acer/E-commerce/vendor/laravel/framework/src/Illuminate/Foundation/Http/Kernel.php(144): Illuminate\\Foundation\\Http\\Kernel->sendRequestThroughRouter()
#52 /mnt/c/Users/Acer/E-commerce/vendor/laravel/framework/src/Illuminate/Foundation/Application.php(1219): Illuminate\\Foundation\\Http\\Kernel->handle()
#53 /mnt/c/Users/Acer/E-commerce/public/index.php(20): Illuminate\\Foundation\\Application->handleRequest()
#54 /mnt/c/Users/Acer/E-commerce/vendor/laravel/framework/src/Illuminate/Foundation/resources/server.php(23): require_once('...')
#55 {main}
"} 
[2025-05-24 08:27:29] local.ERROR: Maximum execution time of 30 seconds exceeded {"exception":"[object] (Symfony\\Component\\ErrorHandler\\Error\\FatalError(code: 0): Maximum execution time of 30 seconds exceeded at /mnt/c/Users/Acer/E-commerce/vendor/laravel/framework/src/Illuminate/Foundation/Exceptions/Renderer/Exception.php:111)
[stacktrace]
#0 {main}
"} 
